Start Errors (1) 2019-05-21 12:12:45
129855998 total bases in 947854 reads from 18 samples will be used for learning the error rates.
Writing (F) errors to sprehei1_123382_errorsWS_F.RData
Start Errors (2) 2019-05-21 12:20:25
103503500 total bases in 755500 reads from 23 samples will be used for learning the error rates.
Writing (R) errors to sprehei1_123382_errorsWS_R.RData
Processing: SB061815TAWCSCB33CD0BR1TR1I3 
Start Derep (1) 2019-05-21 12:24:29
Start Derep (2) 2019-05-21 12:24:30
Start DADA (1) 2019-05-21 12:24:31
Sample 1 - 116941 reads in 10277 unique sequences.
Start DADA (2) 2019-05-21 12:24:34
Sample 1 - 116941 reads in 9484 unique sequences.
Processing: SB061815TAWCSCB33CD10BR1TR1I13 
Start Derep (1) 2019-05-21 12:24:39
Start Derep (2) 2019-05-21 12:24:40
Start DADA (1) 2019-05-21 12:24:41
Sample 1 - 65131 reads in 4216 unique sequences.
Start DADA (2) 2019-05-21 12:24:42
Sample 1 - 65131 reads in 4603 unique sequences.
Processing: SB061815TAWCSCB33CD10BR2TR1I14 
Start Derep (1) 2019-05-21 12:24:43
Start Derep (2) 2019-05-21 12:24:44
Start DADA (1) 2019-05-21 12:24:44
Sample 1 - 39 reads in 32 unique sequences.
Start DADA (2) 2019-05-21 12:24:44
Sample 1 - 39 reads in 31 unique sequences.
Processing: SB061815TAWCSCB33CD11BR1TR1I15 
Start Derep (1) 2019-05-21 12:24:44
Start Derep (2) 2019-05-21 12:24:44
Start DADA (1) 2019-05-21 12:24:44
Sample 1 - 16566 reads in 1515 unique sequences.
Start DADA (2) 2019-05-21 12:24:44
Sample 1 - 16566 reads in 1607 unique sequences.
Processing: SB061815TAWCSCB33CD12BR1TR1I16 
Start Derep (1) 2019-05-21 12:24:45
Start Derep (2) 2019-05-21 12:24:45
Start DADA (1) 2019-05-21 12:24:45
Sample 1 - 22 reads in 20 unique sequences.
Start DADA (2) 2019-05-21 12:24:45
Sample 1 - 22 reads in 20 unique sequences.
Processing: SB061815TAWCSCB33CD13BR1TR1I17 
Start Derep (1) 2019-05-21 12:24:45
Start Derep (2) 2019-05-21 12:24:46
Start DADA (1) 2019-05-21 12:24:47
Sample 1 - 63056 reads in 17643 unique sequences.
Start DADA (2) 2019-05-21 12:24:56
Sample 1 - 63056 reads in 15883 unique sequences.
Processing: SB061815TAWCSCB33CD14BR1TR1I18 
Start Derep (1) 2019-05-21 12:25:06
Start Derep (2) 2019-05-21 12:25:06
Start DADA (1) 2019-05-21 12:25:08
Sample 1 - 40150 reads in 14492 unique sequences.
Start DADA (2) 2019-05-21 12:25:13
Sample 1 - 40150 reads in 13029 unique sequences.
Processing: SB061815TAWCSCB33CD15BR1TR1I19 
Start Derep (1) 2019-05-21 12:25:19
Start Derep (2) 2019-05-21 12:25:20
Start DADA (1) 2019-05-21 12:25:20
Sample 1 - 320 reads in 144 unique sequences.
Start DADA (2) 2019-05-21 12:25:20
Sample 1 - 320 reads in 142 unique sequences.
Processing: SB061815TAWCSCB33CD16BR1TR1I20 
Start Derep (1) 2019-05-21 12:25:20
Start Derep (2) 2019-05-21 12:25:20
Start DADA (1) 2019-05-21 12:25:20
Sample 1 - 1 reads in 1 unique sequences.
Start DADA (2) 2019-05-21 12:25:20
Sample 1 - 1 reads in 1 unique sequences.
Processing: SB061815TAWCSCB33CD17BR1TR1I21 
Start Derep (1) 2019-05-21 12:25:20
Start Derep (2) 2019-05-21 12:25:21
Start DADA (1) 2019-05-21 12:25:21
Sample 1 - 34306 reads in 2645 unique sequences.
Start DADA (2) 2019-05-21 12:25:22
Sample 1 - 34306 reads in 2721 unique sequences.
Processing: SB061815TAWCSCB33CD18BR1TR1I22 
Start Derep (1) 2019-05-21 12:25:23
Start Derep (2) 2019-05-21 12:25:23
Start DADA (1) 2019-05-21 12:25:23
Sample 1 - 12421 reads in 1412 unique sequences.
Start DADA (2) 2019-05-21 12:25:23
Sample 1 - 12421 reads in 1397 unique sequences.
Processing: SB061815TAWCSCB33CD1BR1TR1I4 
Start Derep (1) 2019-05-21 12:25:24
Start Derep (2) 2019-05-21 12:25:24
Start DADA (1) 2019-05-21 12:25:25
Sample 1 - 33427 reads in 13124 unique sequences.
Start DADA (2) 2019-05-21 12:25:28
Sample 1 - 33427 reads in 11806 unique sequences.
Processing: SB061815TAWCSCB33CD2BR1TR1I5 
Start Derep (1) 2019-05-21 12:25:33
Start Derep (2) 2019-05-21 12:25:35
Start DADA (1) 2019-05-21 12:25:36
Sample 1 - 74417 reads in 23332 unique sequences.
Start DADA (2) 2019-05-21 12:25:48
Sample 1 - 74417 reads in 20501 unique sequences.
Processing: SB061815TAWCSCB33CD3BR1TR1I6 
Start Derep (1) 2019-05-21 12:26:02
Start Derep (2) 2019-05-21 12:26:03
Start DADA (1) 2019-05-21 12:26:03
Sample 1 - 38046 reads in 1580 unique sequences.
Start DADA (2) 2019-05-21 12:26:03
Sample 1 - 38046 reads in 1655 unique sequences.
Processing: SB061815TAWCSCB33CD4BR1TR1I7 
Start Derep (1) 2019-05-21 12:26:04
Start Derep (2) 2019-05-21 12:26:05
Start DADA (1) 2019-05-21 12:26:06
Sample 1 - 36780 reads in 2781 unique sequences.
Start DADA (2) 2019-05-21 12:26:07
Sample 1 - 36780 reads in 2950 unique sequences.
Processing: SB061815TAWCSCB33CD5BR1TR1I8 
Start Derep (1) 2019-05-21 12:26:08
Start Derep (2) 2019-05-21 12:26:08
Start DADA (1) 2019-05-21 12:26:08
Sample 1 - 21 reads in 21 unique sequences.
Start DADA (2) 2019-05-21 12:26:08
Sample 1 - 21 reads in 21 unique sequences.
Processing: SB061815TAWCSCB33CD6BR1TR1I9 
Start Derep (1) 2019-05-21 12:26:08
Start Derep (2) 2019-05-21 12:26:09
Start DADA (1) 2019-05-21 12:26:09
Sample 1 - 24105 reads in 10747 unique sequences.
Start DADA (2) 2019-05-21 12:26:12
Sample 1 - 24105 reads in 9753 unique sequences.
Processing: SB061815TAWCSCB33CD7BR1TR1I10 
Start Derep (1) 2019-05-21 12:26:16
Start Derep (2) 2019-05-21 12:26:17
Start DADA (1) 2019-05-21 12:26:19
Sample 1 - 90114 reads in 24690 unique sequences.
Start DADA (2) 2019-05-21 12:26:31
Sample 1 - 90114 reads in 21774 unique sequences.
Processing: SB061815TAWCSCB33CD8BR1TR1I11 
Start Derep (1) 2019-05-21 12:26:46
Start Derep (2) 2019-05-21 12:26:49
Start DADA (1) 2019-05-21 12:26:50
Sample 1 - 74529 reads in 8005 unique sequences.
Start DADA (2) 2019-05-21 12:26:53
Sample 1 - 74529 reads in 7472 unique sequences.
Processing: SB061815TAWCSCB33CDEBBR1TR1I23 
Start Derep (1) 2019-05-21 12:26:56
Start Derep (2) 2019-05-21 12:26:58
Start DADA (1) 2019-05-21 12:26:59
Sample 1 - 69976 reads in 4528 unique sequences.
Start DADA (2) 2019-05-21 12:27:00
Sample 1 - 69976 reads in 4746 unique sequences.
Processing: SB061815TAWCSCB33CDSBBR1TR1I2 
Start Derep (1) 2019-05-21 12:27:02
Start Derep (2) 2019-05-21 12:27:03
Start DADA (1) 2019-05-21 12:27:03
Sample 1 - 18031 reads in 8121 unique sequences.
Start DADA (2) 2019-05-21 12:27:05
Sample 1 - 18031 reads in 7482 unique sequences.
Processing: SB072215TAWCSCB33CD0BR1TR1I27 
Start Derep (1) 2019-05-21 12:27:07
Start Derep (2) 2019-05-21 12:27:08
Start DADA (1) 2019-05-21 12:27:09
Sample 1 - 59350 reads in 20231 unique sequences.
Start DADA (2) 2019-05-21 12:27:19
Sample 1 - 59350 reads in 17777 unique sequences.
Processing: SB072215TAWCSCB33CD10BR1TR1I37 
Start Derep (1) 2019-05-21 12:27:29
Start Derep (2) 2019-05-21 12:27:29
Start DADA (1) 2019-05-21 12:27:31
Sample 1 - 60610 reads in 4066 unique sequences.
Start DADA (2) 2019-05-21 12:27:32
Sample 1 - 60610 reads in 4118 unique sequences.
Processing: SB072215TAWCSCB33CD10BR2TR1I38 
Start Derep (1) 2019-05-21 12:27:34
Start Derep (2) 2019-05-21 12:27:35
Start DADA (1) 2019-05-21 12:27:36
Sample 1 - 39325 reads in 2939 unique sequences.
Start DADA (2) 2019-05-21 12:27:37
Sample 1 - 39325 reads in 3070 unique sequences.
Processing: SB072215TAWCSCB33CD11BR1TR1I39 
Start Derep (1) 2019-05-21 12:27:38
Start Derep (2) 2019-05-21 12:27:39
Start DADA (1) 2019-05-21 12:27:39
Sample 1 - 36075 reads in 2802 unique sequences.
Start DADA (2) 2019-05-21 12:27:40
Sample 1 - 36075 reads in 2942 unique sequences.
Processing: SB072215TAWCSCB33CD12BR1TR1I40 
Start Derep (1) 2019-05-21 12:27:41
Start Derep (2) 2019-05-21 12:27:42
Start DADA (1) 2019-05-21 12:27:43
Sample 1 - 49867 reads in 2058 unique sequences.
Start DADA (2) 2019-05-21 12:27:43
Sample 1 - 49867 reads in 2144 unique sequences.
Processing: SB072215TAWCSCB33CD13BR1TR1I41 
Start Derep (1) 2019-05-21 12:27:45
Start Derep (2) 2019-05-21 12:27:47
Start DADA (1) 2019-05-21 12:27:47
Sample 1 - 26053 reads in 1290 unique sequences.
Start DADA (2) 2019-05-21 12:27:47
Sample 1 - 26053 reads in 1277 unique sequences.
Processing: SB072215TAWCSCB33CD14BR1TR1I42 
Start Derep (1) 2019-05-21 12:27:48
Start Derep (2) 2019-05-21 12:27:48
Start DADA (1) 2019-05-21 12:27:49
Sample 1 - 20075 reads in 1072 unique sequences.
Start DADA (2) 2019-05-21 12:27:49
Sample 1 - 20075 reads in 1113 unique sequences.
Processing: SB072215TAWCSCB33CD15BR1TR1I43 
Start Derep (1) 2019-05-21 12:27:50
Start Derep (2) 2019-05-21 12:27:50
Start DADA (1) 2019-05-21 12:27:51
Sample 1 - 11309 reads in 774 unique sequences.
Start DADA (2) 2019-05-21 12:27:51
Sample 1 - 11309 reads in 776 unique sequences.
Processing: SB072215TAWCSCB33CD18BR1TR1I44 
Start Derep (1) 2019-05-21 12:27:51
Start Derep (2) 2019-05-21 12:27:51
Start DADA (1) 2019-05-21 12:27:52
Sample 1 - 19086 reads in 1112 unique sequences.
Start DADA (2) 2019-05-21 12:27:52
Sample 1 - 19086 reads in 1146 unique sequences.
Processing: SB072215TAWCSCB33CD1BR1TR1I28 
Start Derep (1) 2019-05-21 12:27:52
Start Derep (2) 2019-05-21 12:27:52
Start DADA (1) 2019-05-21 12:27:53
Sample 1 - 2 reads in 2 unique sequences.
Start DADA (2) 2019-05-21 12:27:53
Sample 1 - 2 reads in 2 unique sequences.
Processing: SB072215TAWCSCB33CD20BR1TR1I45 
Start Derep (1) 2019-05-21 12:27:53
Start Derep (2) 2019-05-21 12:27:53
Start DADA (1) 2019-05-21 12:27:54
Sample 1 - 26152 reads in 1381 unique sequences.
Start DADA (2) 2019-05-21 12:27:54
Sample 1 - 26152 reads in 1443 unique sequences.
Processing: SB072215TAWCSCB33CD22BR1TR1I46 
Start Derep (1) 2019-05-21 12:27:55
Start Derep (2) 2019-05-21 12:27:55
Start DADA (1) 2019-05-21 12:27:55
Sample 1 - 14294 reads in 724 unique sequences.
Start DADA (2) 2019-05-21 12:27:55
Sample 1 - 14294 reads in 782 unique sequences.
Processing: SB072215TAWCSCB33CD2BR1TR1I29 
Start Derep (1) 2019-05-21 12:27:56
Start Derep (2) 2019-05-21 12:27:57
Start DADA (1) 2019-05-21 12:27:57
Sample 1 - 55753 reads in 3854 unique sequences.
Start DADA (2) 2019-05-21 12:27:58
Sample 1 - 55753 reads in 3922 unique sequences.
Processing: SB072215TAWCSCB33CD3BR1TR1I30 
Start Derep (1) 2019-05-21 12:28:00
Start Derep (2) 2019-05-21 12:28:00
Start DADA (1) 2019-05-21 12:28:01
Sample 1 - 44663 reads in 3274 unique sequences.
Start DADA (2) 2019-05-21 12:28:01
Sample 1 - 44663 reads in 3420 unique sequences.
Processing: SB072215TAWCSCB33CD4BR1TR1I31 
Start Derep (1) 2019-05-21 12:28:03
Start Derep (2) 2019-05-21 12:28:03
Start DADA (1) 2019-05-21 12:28:04
Sample 1 - 53555 reads in 3928 unique sequences.
Start DADA (2) 2019-05-21 12:28:04
Sample 1 - 53555 reads in 4012 unique sequences.
Processing: SB072215TAWCSCB33CD5BR1TR1I32 
Start Derep (1) 2019-05-21 12:28:06
Start Derep (2) 2019-05-21 12:28:06
Start DADA (1) 2019-05-21 12:28:06
Sample 1 - 37 reads in 32 unique sequences.
Start DADA (2) 2019-05-21 12:28:06
Sample 1 - 37 reads in 32 unique sequences.
Processing: SB072215TAWCSCB33CD6BR1TR1I33 
Start Derep (1) 2019-05-21 12:28:06
Start Derep (2) 2019-05-21 12:28:07
Start DADA (1) 2019-05-21 12:28:09
Sample 1 - 59982 reads in 20380 unique sequences.
Start DADA (2) 2019-05-21 12:28:17
Sample 1 - 59982 reads in 16574 unique sequences.
Processing: SB072215TAWCSCB33CD7BR1TR1I34 
Start Derep (1) 2019-05-21 12:28:26
Start Derep (2) 2019-05-21 12:28:28
Start DADA (1) 2019-05-21 12:28:30
Sample 1 - 69605 reads in 21675 unique sequences.
Start DADA (2) 2019-05-21 12:28:42
Sample 1 - 69605 reads in 19539 unique sequences.
Processing: SB072215TAWCSCB33CD8BR1TR1I35 
Start Derep (1) 2019-05-21 12:28:56
Start Derep (2) 2019-05-21 12:28:56
Start DADA (1) 2019-05-21 12:28:56
Sample 1 - 3767 reads in 1009 unique sequences.
Start DADA (2) 2019-05-21 12:28:56
Sample 1 - 3767 reads in 963 unique sequences.
Processing: SB072215TAWCSCB33CD9BR1TR1I36 
Start Derep (1) 2019-05-21 12:28:57
Start Derep (2) 2019-05-21 12:28:59
Start DADA (1) 2019-05-21 12:29:01
Sample 1 - 151122 reads in 34488 unique sequences.
Start DADA (2) 2019-05-21 12:29:29
Sample 1 - 151122 reads in 27572 unique sequences.
Processing: SB072215TAWCSCB33CDEBBR1TR1I47 
Start Derep (1) 2019-05-21 12:29:55
Start Derep (2) 2019-05-21 12:29:57
Start DADA (1) 2019-05-21 12:29:59
Sample 1 - 93812 reads in 3131 unique sequences.
Start DADA (2) 2019-05-21 12:29:59
Sample 1 - 93812 reads in 3199 unique sequences.
Processing: SB072215TAWCSCB33CDSBBR1TR1I26 
Start Derep (1) 2019-05-21 12:30:01
Start Derep (2) 2019-05-21 12:30:02
Start DADA (1) 2019-05-21 12:30:02
Sample 1 - 10614 reads in 5492 unique sequences.
Start DADA (2) 2019-05-21 12:30:03
Sample 1 - 10614 reads in 5067 unique sequences.
Processing: SB082015TAWCSCB33CD0BR1TR1I51 
Start Derep (1) 2019-05-21 12:30:04
Start Derep (2) 2019-05-21 12:30:05
Start DADA (1) 2019-05-21 12:30:06
Sample 1 - 24526 reads in 1008 unique sequences.
Start DADA (2) 2019-05-21 12:30:06
Sample 1 - 24526 reads in 1128 unique sequences.
Processing: SB082015TAWCSCB33CD10BR1TR1I61 
Start Derep (1) 2019-05-21 12:30:06
Start Derep (2) 2019-05-21 12:30:08
Start DADA (1) 2019-05-21 12:30:09
Sample 1 - 75229 reads in 5174 unique sequences.
Start DADA (2) 2019-05-21 12:30:09
Sample 1 - 75229 reads in 5217 unique sequences.
Processing: SB082015TAWCSCB33CD10BR2TR1I62 
Start Derep (1) 2019-05-21 12:30:11
Start Derep (2) 2019-05-21 12:30:12
Start DADA (1) 2019-05-21 12:30:12
Sample 1 - 22324 reads in 2093 unique sequences.
Start DADA (2) 2019-05-21 12:30:13
Sample 1 - 22324 reads in 2140 unique sequences.
Processing: SB082015TAWCSCB33CD11BR1TR1I63 
Start Derep (1) 2019-05-21 12:30:13
Start Derep (2) 2019-05-21 12:30:15
Start DADA (1) 2019-05-21 12:30:16
Sample 1 - 76669 reads in 5518 unique sequences.
Start DADA (2) 2019-05-21 12:30:17
Sample 1 - 76669 reads in 5642 unique sequences.
Processing: SB082015TAWCSCB33CD12BR1TR1I64 
Start Derep (1) 2019-05-21 12:30:19
Start Derep (2) 2019-05-21 12:30:19
Start DADA (1) 2019-05-21 12:30:20
Sample 1 - 43724 reads in 3302 unique sequences.
Start DADA (2) 2019-05-21 12:30:20
Sample 1 - 43724 reads in 3339 unique sequences.
Processing: SB082015TAWCSCB33CD13BR1TR1I65 
Start Derep (1) 2019-05-21 12:30:22
Start Derep (2) 2019-05-21 12:30:23
Start DADA (1) 2019-05-21 12:30:24
Sample 1 - 52909 reads in 3973 unique sequences.
Start DADA (2) 2019-05-21 12:30:25
Sample 1 - 52909 reads in 3888 unique sequences.
Processing: SB082015TAWCSCB33CD14BR1TR1I66 
Start Derep (1) 2019-05-21 12:30:26
Start Derep (2) 2019-05-21 12:30:27
Start DADA (1) 2019-05-21 12:30:28
Sample 1 - 37883 reads in 2984 unique sequences.
Start DADA (2) 2019-05-21 12:30:28
Sample 1 - 37883 reads in 2910 unique sequences.
Processing: SB082015TAWCSCB33CD15BR1TR1I67 
Start Derep (1) 2019-05-21 12:30:29
Start Derep (2) 2019-05-21 12:30:30
Start DADA (1) 2019-05-21 12:30:30
Sample 1 - 23215 reads in 2037 unique sequences.
Start DADA (2) 2019-05-21 12:30:31
Sample 1 - 23215 reads in 2021 unique sequences.
Processing: SB082015TAWCSCB33CD16BR1TR1I68 
Start Derep (1) 2019-05-21 12:30:31
Start Derep (2) 2019-05-21 12:30:34
Start DADA (1) 2019-05-21 12:30:38
Sample 1 - 147584 reads in 8424 unique sequences.
Start DADA (2) 2019-05-21 12:30:40
Sample 1 - 147584 reads in 8658 unique sequences.
Processing: SB082015TAWCSCB33CD17BR1TR1I69 
Start Derep (1) 2019-05-21 12:30:44
Start Derep (2) 2019-05-21 12:30:46
Start DADA (1) 2019-05-21 12:30:48
Sample 1 - 97562 reads in 5743 unique sequences.
Start DADA (2) 2019-05-21 12:30:49
Sample 1 - 97562 reads in 6201 unique sequences.
Processing: SB082015TAWCSCB33CD18BR1TR1I70 
Start Derep (1) 2019-05-21 12:30:51
Start Derep (2) 2019-05-21 12:30:54
Start DADA (1) 2019-05-21 12:30:55
Sample 1 - 135285 reads in 6848 unique sequences.
Start DADA (2) 2019-05-21 12:30:57
Sample 1 - 135285 reads in 6999 unique sequences.
Processing: SB082015TAWCSCB33CD19BR1TR1I71 
Start Derep (1) 2019-05-21 12:31:01
Start Derep (2) 2019-05-21 12:31:02
Start DADA (1) 2019-05-21 12:31:03
Sample 1 - 87093 reads in 5135 unique sequences.
Start DADA (2) 2019-05-21 12:31:04
Sample 1 - 87093 reads in 5414 unique sequences.
Processing: SB082015TAWCSCB33CD1BR1TR1I52 
Start Derep (1) 2019-05-21 12:31:06
Start Derep (2) 2019-05-21 12:31:10
Start DADA (1) 2019-05-21 12:31:13
Sample 1 - 189989 reads in 42796 unique sequences.
Start DADA (2) 2019-05-21 12:32:02
Sample 1 - 189989 reads in 37107 unique sequences.
Processing: SB082015TAWCSCB33CD20BR1TR1I74 
Start Derep (1) 2019-05-21 12:32:47
Start Derep (2) 2019-05-21 12:32:49
Start DADA (1) 2019-05-21 12:32:51
Sample 1 - 70542 reads in 4098 unique sequences.
Start DADA (2) 2019-05-21 12:32:51
Sample 1 - 70542 reads in 4019 unique sequences.
Processing: SB082015TAWCSCB33CD21BR1TR1I75 
Start Derep (1) 2019-05-21 12:32:53
Start Derep (2) 2019-05-21 12:32:53
Start DADA (1) 2019-05-21 12:32:54
Sample 1 - 4 reads in 3 unique sequences.
Start DADA (2) 2019-05-21 12:32:54
Sample 1 - 4 reads in 3 unique sequences.
Processing: SB082015TAWCSCB33CD2BR1TR1I53 
Start Derep (1) 2019-05-21 12:32:54
Start Derep (2) 2019-05-21 12:32:54
Start DADA (1) 2019-05-21 12:32:54
Sample 1 - 2 reads in 2 unique sequences.
Start DADA (2) 2019-05-21 12:32:54
Sample 1 - 2 reads in 2 unique sequences.
Processing: SB082015TAWCSCB33CD3BR1TR1I54 
Start Derep (1) 2019-05-21 12:32:54
Start Derep (2) 2019-05-21 12:32:56
Start DADA (1) 2019-05-21 12:32:58
Sample 1 - 62330 reads in 4307 unique sequences.
Start DADA (2) 2019-05-21 12:32:58
Sample 1 - 62330 reads in 4296 unique sequences.
Processing: SB082015TAWCSCB33CD4BR1TR1I55 
Start Derep (1) 2019-05-21 12:33:00
Start Derep (2) 2019-05-21 12:33:00
Start DADA (1) 2019-05-21 12:33:01
Sample 1 - 20165 reads in 1905 unique sequences.
Start DADA (2) 2019-05-21 12:33:01
Sample 1 - 20165 reads in 1868 unique sequences.
Processing: SB082015TAWCSCB33CD6BR1TR1I57 
Start Derep (1) 2019-05-21 12:33:02
Start Derep (2) 2019-05-21 12:33:02
Start DADA (1) 2019-05-21 12:33:02
Sample 1 - 2871 reads in 144 unique sequences.
Start DADA (2) 2019-05-21 12:33:02
Sample 1 - 2871 reads in 144 unique sequences.
Processing: SB082015TAWCSCB33CD7BR1TR1I58 
Start Derep (1) 2019-05-21 12:33:02
Start Derep (2) 2019-05-21 12:33:03
Start DADA (1) 2019-05-21 12:33:05
Sample 1 - 73487 reads in 23181 unique sequences.
Start DADA (2) 2019-05-21 12:33:17
Sample 1 - 73487 reads in 20456 unique sequences.
Processing: SB082015TAWCSCB33CD8BR1TR1I59 
Start Derep (1) 2019-05-21 12:33:33
Start Derep (2) 2019-05-21 12:33:34
Start DADA (1) 2019-05-21 12:33:35
Sample 1 - 60856 reads in 19910 unique sequences.
Start DADA (2) 2019-05-21 12:33:44
Sample 1 - 60856 reads in 17538 unique sequences.
Processing: SB082015TAWCSCB33CD9BR1TR1I60 
Start Derep (1) 2019-05-21 12:33:54
Start Derep (2) 2019-05-21 12:33:56
Start DADA (1) 2019-05-21 12:33:56
Sample 1 - 7109 reads in 1459 unique sequences.
Start DADA (2) 2019-05-21 12:33:57
Sample 1 - 7109 reads in 1453 unique sequences.
Processing: SB082015TAWCSCB33CDEBBR1TR1I76 
Start Derep (1) 2019-05-21 12:33:57
Start Derep (2) 2019-05-21 12:33:59
Start DADA (1) 2019-05-21 12:34:02
Sample 1 - 235071 reads in 11329 unique sequences.
Start DADA (2) 2019-05-21 12:34:05
Sample 1 - 235071 reads in 11228 unique sequences.
Processing: SB082015TAWCSCB33CDSBBR1TR1I50 
Start Derep (1) 2019-05-21 12:34:12
Start Derep (2) 2019-05-21 12:34:13
Start DADA (1) 2019-05-21 12:34:13
Sample 1 - 26548 reads in 12014 unique sequences.
Start DADA (2) 2019-05-21 12:34:16
Sample 1 - 26548 reads in 10847 unique sequences.
Finished DADA 2019-05-21 12:34:21
Writing raw table to /home-3/karoraw1@jhu.edu/scratch/CB_V3/otu_data/dada2_outputs/sprehei1_123382/sprehei1_123382_raw_tab.RData
Finished Seq table 2019-05-21 12:34:47
Writing seq table to /home-3/karoraw1@jhu.edu/scratch/CB_V3/otu_data/dada2_outputs/sprehei1_123382/sprehei1_123382_seqtab_chim.rds
