Start Errors (1) 2019-05-21 12:18:35
106539831 total bases in 777663 reads from 7 samples will be used for learning the error rates.
Writing (F) errors to sprehei1_149186_errorsWS_F.RData
Start Errors (2) 2019-05-21 12:20:06
102884123 total bases in 750979 reads from 9 samples will be used for learning the error rates.
Writing (R) errors to sprehei1_149186_errorsWS_R.RData
Processing: SB061517TAWCSCB33CD14BR1TR1I567 
Start Derep (1) 2019-05-21 12:21:36
Start Derep (2) 2019-05-21 12:21:37
Start DADA (1) 2019-05-21 12:21:38
Sample 1 - 27807 reads in 2914 unique sequences.
Start DADA (2) 2019-05-21 12:21:38
Sample 1 - 27807 reads in 2731 unique sequences.
Processing: SB061517TAWCSCB33CD8BR1TR1I564 
Start Derep (1) 2019-05-21 12:21:39
Start Derep (2) 2019-05-21 12:21:41
Start DADA (1) 2019-05-21 12:21:43
Sample 1 - 122662 reads in 11047 unique sequences.
Start DADA (2) 2019-05-21 12:21:45
Sample 1 - 122662 reads in 10329 unique sequences.
Processing: SB062617TAWCSCB31D13BR1TR1I357 
Start Derep (1) 2019-05-21 12:21:50
Start Derep (2) 2019-05-21 12:21:51
Start DADA (1) 2019-05-21 12:21:53
Sample 1 - 166807 reads in 15946 unique sequences.
Start DADA (2) 2019-05-21 12:21:58
Sample 1 - 166807 reads in 14426 unique sequences.
Processing: SB062617TAWCSCB32D10BR2TR1I358 
Start Derep (1) 2019-05-21 12:22:05
Start Derep (2) 2019-05-21 12:22:05
Start DADA (1) 2019-05-21 12:22:05
Sample 1 - 5 reads in 5 unique sequences.
Start DADA (2) 2019-05-21 12:22:05
Sample 1 - 5 reads in 5 unique sequences.
Processing: SB062617TAWCSCB43CD27BR1TR1I362 
Start Derep (1) 2019-05-21 12:22:05
Start Derep (2) 2019-05-21 12:22:06
Start DADA (1) 2019-05-21 12:22:08
Sample 1 - 48899 reads in 5518 unique sequences.
Start DADA (2) 2019-05-21 12:22:09
Sample 1 - 48899 reads in 5137 unique sequences.
Processing: SB062617TAWCSCB44D31BR1TR1I363 
Start Derep (1) 2019-05-21 12:22:10
Start Derep (2) 2019-05-21 12:22:11
Start DADA (1) 2019-05-21 12:22:12
Sample 1 - 48726 reads in 5889 unique sequences.
Start DADA (2) 2019-05-21 12:22:13
Sample 1 - 48726 reads in 5256 unique sequences.
Processing: SB062617TAWCSCB53D25BR1TR1I366 
Start Derep (1) 2019-05-21 12:22:14
Start Derep (2) 2019-05-21 12:22:16
Start DADA (1) 2019-05-21 12:22:17
Sample 1 - 125912 reads in 9987 unique sequences.
Start DADA (2) 2019-05-21 12:22:19
Sample 1 - 125912 reads in 9211 unique sequences.
Processing: SB071017TAWCSCB32D10BR1TR1I392 
Start Derep (1) 2019-05-21 12:22:22
Start Derep (2) 2019-05-21 12:22:24
Start DADA (1) 2019-05-21 12:22:25
Sample 1 - 83435 reads in 8619 unique sequences.
Start DADA (2) 2019-05-21 12:22:26
Sample 1 - 83435 reads in 8100 unique sequences.
Processing: SB071017TAWCSCB53D25BR2TR1I401 
Start Derep (1) 2019-05-21 12:22:29
Start Derep (2) 2019-05-21 12:22:31
Start DADA (1) 2019-05-21 12:22:33
Sample 1 - 108146 reads in 11076 unique sequences.
Start DADA (2) 2019-05-21 12:22:36
Sample 1 - 108146 reads in 10191 unique sequences.
Processing: SB071116TAWCSCB62D9BR1TR1I161 
Start Derep (1) 2019-05-21 12:22:39
Start Derep (2) 2019-05-21 12:22:40
Start DADA (1) 2019-05-21 12:22:41
Sample 1 - 6934 reads in 1284 unique sequences.
Start DADA (2) 2019-05-21 12:22:41
Sample 1 - 6934 reads in 1189 unique sequences.
Processing: SB071116TAWCSCB62D9BR2TR1I162 
Start Derep (1) 2019-05-21 12:22:41
Start Derep (2) 2019-05-21 12:22:41
Start DADA (1) 2019-05-21 12:22:43
Sample 1 - 58964 reads in 4900 unique sequences.
Start DADA (2) 2019-05-21 12:22:43
Sample 1 - 58964 reads in 4669 unique sequences.
Processing: SB071116TAWCSCB71D20BR1TR1I167 
Start Derep (1) 2019-05-21 12:22:45
Start Derep (2) 2019-05-21 12:22:45
Start DADA (1) 2019-05-21 12:22:46
Sample 1 - 34387 reads in 3719 unique sequences.
Start DADA (2) 2019-05-21 12:22:46
Sample 1 - 34387 reads in 3435 unique sequences.
Processing: SB071116TAWCSCB71D20BR2TR1I168 
Start Derep (1) 2019-05-21 12:22:47
Start Derep (2) 2019-05-21 12:22:48
Start DADA (1) 2019-05-21 12:22:49
Sample 1 - 47978 reads in 5155 unique sequences.
Start DADA (2) 2019-05-21 12:22:50
Sample 1 - 47978 reads in 4669 unique sequences.
Processing: SB071717TAWCSCB33CD10BR1TR1I580 
Start Derep (1) 2019-05-21 12:22:52
Start Derep (2) 2019-05-21 12:22:53
Start DADA (1) 2019-05-21 12:22:56
Sample 1 - 160919 reads in 12299 unique sequences.
Start DADA (2) 2019-05-21 12:22:59
Sample 1 - 160919 reads in 11580 unique sequences.
Processing: SB071717TAWCSCB33CD12BR1TR1I581 
Start Derep (1) 2019-05-21 12:23:03
Start Derep (2) 2019-05-21 12:23:05
Start DADA (1) 2019-05-21 12:23:05
Sample 1 - 91283 reads in 8552 unique sequences.
Start DADA (2) 2019-05-21 12:23:07
Sample 1 - 91283 reads in 8179 unique sequences.
Processing: SB071717TAWCSCB33CD14BR1TR1I582 
Start Derep (1) 2019-05-21 12:23:10
Start Derep (2) 2019-05-21 12:23:12
Start DADA (1) 2019-05-21 12:23:13
Sample 1 - 21163 reads in 2808 unique sequences.
Start DADA (2) 2019-05-21 12:23:13
Sample 1 - 21163 reads in 2535 unique sequences.
Processing: SB071717TAWCSCB33CD6BR1TR1I578 
Start Derep (1) 2019-05-21 12:23:14
Start Derep (2) 2019-05-21 12:23:16
Start DADA (1) 2019-05-21 12:23:18
Sample 1 - 232439 reads in 17697 unique sequences.
Start DADA (2) 2019-05-21 12:23:23
Sample 1 - 232439 reads in 16549 unique sequences.
Processing: SB080717TAWCSCB22D11BR1TR1I423 
Start Derep (1) 2019-05-21 12:23:30
Start Derep (2) 2019-05-21 12:23:32
Start DADA (1) 2019-05-21 12:23:34
Sample 1 - 173353 reads in 11917 unique sequences.
Start DADA (2) 2019-05-21 12:23:36
Sample 1 - 173353 reads in 12002 unique sequences.
Processing: SB080717TAWCSCB32D10BR1TR1I426 
Start Derep (1) 2019-05-21 12:23:40
Start Derep (2) 2019-05-21 12:23:42
Start DADA (1) 2019-05-21 12:23:44
Sample 1 - 122717 reads in 9656 unique sequences.
Start DADA (2) 2019-05-21 12:23:46
Sample 1 - 122717 reads in 9327 unique sequences.
Processing: SB080717TAWCSCB33CD24BR1TR1I427 
Start Derep (1) 2019-05-21 12:23:49
Start Derep (2) 2019-05-21 12:23:51
Start DADA (1) 2019-05-21 12:23:53
Sample 1 - 137188 reads in 15124 unique sequences.
Start DADA (2) 2019-05-21 12:23:58
Sample 1 - 137188 reads in 14075 unique sequences.
Processing: SB080717TAWCSCB53D25BR1TR1I434 
Start Derep (1) 2019-05-21 12:24:04
Start Derep (2) 2019-05-21 12:24:05
Start DADA (1) 2019-05-21 12:24:05
Sample 1 - 4 reads in 4 unique sequences.
Start DADA (2) 2019-05-21 12:24:05
Sample 1 - 4 reads in 4 unique sequences.
Processing: SB080717TAWCSCB54D25BR2TR1I437 
Start Derep (1) 2019-05-21 12:24:05
Start Derep (2) 2019-05-21 12:24:06
Start DADA (1) 2019-05-21 12:24:06
Sample 1 - 10476 reads in 1453 unique sequences.
Start DADA (2) 2019-05-21 12:24:06
Sample 1 - 10476 reads in 1284 unique sequences.
Processing: SB080717TAWCSCB62D9BR1TR1I448 
Start Derep (1) 2019-05-21 12:24:07
Start Derep (2) 2019-05-21 12:24:07
Start DADA (1) 2019-05-21 12:24:09
Sample 1 - 65401 reads in 5867 unique sequences.
Start DADA (2) 2019-05-21 12:24:10
Sample 1 - 65401 reads in 5318 unique sequences.
Processing: SB080717TAWCSCB71D20BR1TR1I451 
Start Derep (1) 2019-05-21 12:24:12
Start Derep (2) 2019-05-21 12:24:13
Start DADA (1) 2019-05-21 12:24:14
Sample 1 - 87592 reads in 8437 unique sequences.
Start DADA (2) 2019-05-21 12:24:16
Sample 1 - 87592 reads in 7593 unique sequences.
Processing: SB080717TAWCSCB72D20BR1TR1I443 
Start Derep (1) 2019-05-21 12:24:19
Start Derep (2) 2019-05-21 12:24:20
Start DADA (1) 2019-05-21 12:24:21
Sample 1 - 55510 reads in 3721 unique sequences.
Start DADA (2) 2019-05-21 12:24:22
Sample 1 - 55510 reads in 3440 unique sequences.
Processing: SB080717TAWCSCB73D12BR1TR1I453 
Start Derep (1) 2019-05-21 12:24:23
Start Derep (2) 2019-05-21 12:24:26
Start DADA (1) 2019-05-21 12:24:26
Sample 1 - 101147 reads in 9533 unique sequences.
Start DADA (2) 2019-05-21 12:24:28
Sample 1 - 101147 reads in 8636 unique sequences.
Processing: SB081216TAWCSCB72D20BR1TR1I204 
Start Derep (1) 2019-05-21 12:24:32
Start Derep (2) 2019-05-21 12:24:34
Start DADA (1) 2019-05-21 12:24:35
Sample 1 - 55510 reads in 3721 unique sequences.
Start DADA (2) 2019-05-21 12:24:36
Sample 1 - 55510 reads in 3440 unique sequences.
Processing: SB081417TAWCSCB33CD10BR1TR1I593 
Start Derep (1) 2019-05-21 12:24:37
Start Derep (2) 2019-05-21 12:24:39
Start DADA (1) 2019-05-21 12:24:42
Sample 1 - 183956 reads in 12429 unique sequences.
Start DADA (2) 2019-05-21 12:24:44
Sample 1 - 183956 reads in 11807 unique sequences.
Processing: SB081417TAWCSCB33CD20BR1TR1I598 
Start Derep (1) 2019-05-21 12:24:49
Start Derep (2) 2019-05-21 12:24:52
Start DADA (1) 2019-05-21 12:24:55
Sample 1 - 151385 reads in 19119 unique sequences.
Start DADA (2) 2019-05-21 12:25:03
Sample 1 - 151385 reads in 17544 unique sequences.
Processing: SB081417TAWCSCB33CD2BR1TR1I589 
Start Derep (1) 2019-05-21 12:25:12
Start Derep (2) 2019-05-21 12:25:15
Start DADA (1) 2019-05-21 12:25:18
Sample 1 - 205702 reads in 11913 unique sequences.
Start DADA (2) 2019-05-21 12:25:20
Sample 1 - 205702 reads in 11231 unique sequences.
Processing: SB081417TAWCSCB33CD6BR1TR1I591 
Start Derep (1) 2019-05-21 12:25:24
Start Derep (2) 2019-05-21 12:25:26
Start DADA (1) 2019-05-21 12:25:28
Sample 1 - 200905 reads in 11535 unique sequences.
Start DADA (2) 2019-05-21 12:25:31
Sample 1 - 200905 reads in 11212 unique sequences.
Processing: SB081417TAWCSCB33CD8BR1TR1I592 
Start Derep (1) 2019-05-21 12:25:34
Start Derep (2) 2019-05-21 12:25:38
Start DADA (1) 2019-05-21 12:25:40
Sample 1 - 203600 reads in 13535 unique sequences.
Start DADA (2) 2019-05-21 12:25:42
Sample 1 - 203600 reads in 12740 unique sequences.
Processing: SB082817TAWCSCB22D11BR2TR1I458 
Start Derep (1) 2019-05-21 12:25:46
Start Derep (2) 2019-05-21 12:25:49
Start DADA (1) 2019-05-21 12:25:52
Sample 1 - 106088 reads in 9976 unique sequences.
Start DADA (2) 2019-05-21 12:25:54
Sample 1 - 106088 reads in 9654 unique sequences.
Processing: SB082817TAWCSCB51D33BR1TR1I466 
Start Derep (1) 2019-05-21 12:25:57
Start Derep (2) 2019-05-21 12:25:59
Start DADA (1) 2019-05-21 12:26:01
Sample 1 - 97883 reads in 9136 unique sequences.
Start DADA (2) 2019-05-21 12:26:03
Sample 1 - 97883 reads in 8732 unique sequences.
Processing: SB091817TAWCSCB22D11BR2TR1I492 
Start Derep (1) 2019-05-21 12:26:06
Start Derep (2) 2019-05-21 12:26:07
Start DADA (1) 2019-05-21 12:26:08
Sample 1 - 81326 reads in 10675 unique sequences.
Start DADA (2) 2019-05-21 12:26:10
Sample 1 - 81326 reads in 9671 unique sequences.
Processing: SB091817TAWCSCB44D5BR1TR1I489 
Start Derep (1) 2019-05-21 12:26:15
Start Derep (2) 2019-05-21 12:26:17
Start DADA (1) 2019-05-21 12:26:19
Sample 1 - 121166 reads in 6122 unique sequences.
Start DADA (2) 2019-05-21 12:26:19
Sample 1 - 121166 reads in 5976 unique sequences.
Processing: SB091817TAWCSCB54D25BR1TR1I504 
Start Derep (1) 2019-05-21 12:26:22
Start Derep (2) 2019-05-21 12:26:22
Start DADA (1) 2019-05-21 12:26:22
Sample 1 - 2 reads in 2 unique sequences.
Start DADA (2) 2019-05-21 12:26:22
Sample 1 - 2 reads in 2 unique sequences.
Processing: SB091817TAWCSCB54D25BR2TR1I505 
Start Derep (1) 2019-05-21 12:26:22
Start Derep (2) 2019-05-21 12:26:25
Start DADA (1) 2019-05-21 12:26:25
Sample 1 - 10179 reads in 1311 unique sequences.
Start DADA (2) 2019-05-21 12:26:25
Sample 1 - 10179 reads in 1170 unique sequences.
Processing: SB091817TAWCSCB54D25BR2TR1I515 
Start Derep (1) 2019-05-21 12:26:26
Start Derep (2) 2019-05-21 12:26:26
Start DADA (1) 2019-05-21 12:26:26
Sample 1 - 1950 reads in 851 unique sequences.
Start DADA (2) 2019-05-21 12:26:26
Sample 1 - 1950 reads in 751 unique sequences.
Processing: SB091817TAWCSCB62D9BR1TR1I517 
Start Derep (1) 2019-05-21 12:26:27
Start Derep (2) 2019-05-21 12:26:29
Start DADA (1) 2019-05-21 12:26:31
Sample 1 - 142046 reads in 15231 unique sequences.
Start DADA (2) 2019-05-21 12:26:36
Sample 1 - 142046 reads in 13317 unique sequences.
Processing: SB091817TAWCSCB63D10BR1TR1I508 
Start Derep (1) 2019-05-21 12:26:43
Start Derep (2) 2019-05-21 12:26:45
Start DADA (1) 2019-05-21 12:26:47
Sample 1 - 169847 reads in 9282 unique sequences.
Start DADA (2) 2019-05-21 12:26:48
Sample 1 - 169847 reads in 8426 unique sequences.
Processing: SB091817TAWCSCB73D12BR1TR1I512 
Start Derep (1) 2019-05-21 12:26:52
Start Derep (2) 2019-05-21 12:26:52
Start DADA (1) 2019-05-21 12:26:52
Sample 1 - 459 reads in 225 unique sequences.
Start DADA (2) 2019-05-21 12:26:52
Sample 1 - 459 reads in 204 unique sequences.
Processing: SB091817TAWCSCB73D12BR1TR1I522 
Start Derep (1) 2019-05-21 12:26:52
Start Derep (2) 2019-05-21 12:26:55
Start DADA (1) 2019-05-21 12:26:57
Sample 1 - 136818 reads in 14240 unique sequences.
Start DADA (2) 2019-05-21 12:27:01
Sample 1 - 136818 reads in 12690 unique sequences.
Finished DADA 2019-05-21 12:27:07
Writing raw table to /home-3/karoraw1@jhu.edu/scratch/CB_V3/otu_data/dada2_outputs/sprehei1_149186/sprehei1_149186_raw_tab.RData
Finished Seq table 2019-05-21 12:27:09
Writing seq table to /home-3/karoraw1@jhu.edu/scratch/CB_V3/otu_data/dada2_outputs/sprehei1_149186/sprehei1_149186_seqtab_chim.rds
