Retained 0.450595125637635 ( 160 , 160 )
Retained 0.443442292041806 ( 160 , 160 )
Retained 0.449702567611228 ( 160 , 160 )
Retained 0.462264634959725 ( 160 , 160 )
Retained 0.444745663897391 ( 160 , 160 )
Retained 0.45559918084234 ( 160 , 160 )
Retained 0.441191798669684 ( 160 , 160 )
Retained 0.434306119935968 ( 160 , 160 )
Retained 0.448019391041604 ( 160 , 160 )
Retained 0.427528361090997 ( 160 , 160 )
Retained 0.436002106926521 ( 160 , 160 )
Retained 0.458885684980551 ( 160 , 160 )
Retained 0.436500704167012 ( 160 , 160 )
Retained 0.459148557264217 ( 160 , 160 )
Retained 0.447113846528846 ( 160 , 160 )
Retained 0.457853178093492 ( 160 , 160 )
Retained 0.446738852105205 ( 160 , 160 )
Retained 0.433627608346709 ( 160 , 160 )
Retained 0.434280393089238 ( 160 , 160 )
Retained 0.445084270164328 ( 160 , 160 )
Retained 0.460222991619324 ( 160 , 160 )
Retained 0.466457934898715 ( 160 , 160 )
Retained 0.441687573193564 ( 160 , 160 )
Retained 0.444080999511035 ( 160 , 160 )
Retained 0.432519931829599 ( 160 , 160 )
Retained 0.445752959065025 ( 160 , 160 )
Retained 0.458689267865423 ( 160 , 160 )
Retained 0.450736607142857 ( 160 , 160 )
Retained 0.446348988687007 ( 160 , 160 )
Retained 0.445755901557007 ( 160 , 160 )
Retained 0.468005952380952 ( 160 , 160 )
Retained 0.451122075516493 ( 160 , 160 )
Retained 0.45455631133496 ( 160 , 160 )
Retained 0.454318141622604 ( 160 , 160 )
Retained 0.447197945695152 ( 160 , 160 )
Retained 0.439647602880056 ( 160 , 160 )
Retained 0.447465051691948 ( 160 , 160 )
Retained 0.427615103062994 ( 160 , 160 )
Retained 0.457292924753532 ( 160 , 160 )
Retained 0.443847108170379 ( 160 , 160 )
Retained 0.448247998740011 ( 160 , 160 )
Retained 0.46118388681032 ( 160 , 160 )
Retained 0.440773307692665 ( 160 , 160 )
Retained 0.444722874125414 ( 160 , 160 )
Retained 0.459283652477944 ( 160 , 160 )
Retained 0.449335876149877 ( 160 , 160 )
Retained 0.436176545170633 ( 160 , 160 )
Retained 0.440450929140524 ( 160 , 160 )
Retained 0.454435019595001 ( 160 , 160 )
Retained 0.395331527984852 ( 160 , 160 )
Retained 0.438271074986136 ( 160 , 160 )
Retained 0.44359319052183 ( 160 , 160 )
Retained 0.457035010324531 ( 160 , 160 )
Retained 0.461000344627592 ( 160 , 160 )
Retained 0.446108152396559 ( 160 , 160 )
Retained 0.446835288153962 ( 160 , 160 )
Retained 0.441965423318025 ( 160 , 160 )
Retained 0.458859329232319 ( 160 , 160 )
Retained 0.462718049127804 ( 160 , 160 )
Retained 0.452627734208096 ( 160 , 160 )
Retained 0.437923756293702 ( 160 , 160 )
Retained 0.446346658999726 ( 160 , 160 )
Retained 0.456050636314204 ( 160 , 160 )
Retained 0.450212990167624 ( 160 , 160 )
Retained 0.446060625287502 ( 160 , 160 )
Retained 0.437074865381275 ( 160 , 160 )
Retained 0.459973612346967 ( 160 , 160 )
Retained 0.451239311613811 ( 160 , 160 )
Retained 0.45649299127215 ( 160 , 160 )
Retained 0.463294189920374 ( 160 , 160 )
Retained 0.458753315649867 ( 160 , 160 )
Retained 0.453550019194614 ( 160 , 160 )
Retained 0.450910198796557 ( 160 , 160 )
Retained 0.459581646423752 ( 160 , 160 )
Retained 0.450824642250788 ( 160 , 160 )
Retained 0.435380907016717 ( 160 , 160 )
Retained 0.45742266200811 ( 160 , 160 )
Retained 0.459499054148236 ( 160 , 160 )
Retained 0.444504626286194 ( 160 , 160 )
Retained 0.445968248444098 ( 160 , 160 )
Retained 0.45075403496675 ( 160 , 160 )
Retained 0.463049629952111 ( 160 , 160 )
Retained 0.463122450301107 ( 160 , 160 )
Retained 0.449292788659304 ( 160 , 160 )
Retained 0.441218917094949 ( 160 , 160 )
Retained 0.444533962703704 ( 160 , 160 )
Retained 0.475068246136893 ( 160 , 160 )
Retained 0.456208165398768 ( 160 , 160 )
Retained 0.452471023824855 ( 160 , 160 )
Retained 0.433646812957158 ( 160 , 160 )
Retained 0.449653148011089 ( 160 , 160 )
Retained 0.451455629603648 ( 160 , 160 )
Retained 0.46842889638403 ( 160 , 160 )
Retained 0.462305810591861 ( 160 , 160 )
Retained 0.438891469267689 ( 160 , 160 )
Retained 0.439387893193608 ( 160 , 160 )
Python 3.7.3
SB071116TAWCSCB63D10BR1TR1I163_F_filt.fastq:173041 reads
SB082916TAWCSCB71D20BR1TR1I239_F_filt.fastq:415 reads
SB071116TAWCSCB74D13BR2TR1I173_F_filt.fastq:65459 reads
SB071116TAWCSCB22D11BR1TR1I144_F_filt.fastq:89027 reads
SB081216TAWCSCB33CD16BR3TR1I139_F_filt.fastq:132999 reads
SB082916TAWCSCB64D10BR1TR1I236_F_filt.fastq:395376 reads
SB081216TAWCSCB53D25BR2TR1I189_F_filt.fastq:28121 reads
SB071116TAWCSCB41CD31BR1TR1I149_F_filt.fastq:1775 reads
SB081216TAWCSCB31D13BR1TR1I177_F_filt.fastq:219379 reads
SB081216TAWCSCB54D25BR2TR1I191_F_filt.fastq:14991 reads
SB060117TAWCSCB33CD8BR1TR1I532_F_filt.fastq:43838 reads
SB082916TAWCSCB61D11BR1TR1I230_F_filt.fastq:14199 reads
SB060117TAWCSCB33CD2BR1TR1I526_F_filt.fastq:6622 reads
SB081216TAWCSCB43CD26BR1TR1I184_F_filt.fastq:74645 reads
SB071116TAWCSCB33CD24BR1TR1I148_F_filt.fastq:15624 reads
SB081216TAWCSCB42CD26BR1TR1I183_F_filt.fastq:102462 reads
SB082916TAWCSCB54D25BR2TR1I228_F_filt.fastq:14304 reads
SB082916TAWCSCB53D25BR1TR1I225_F_filt.fastq:126821 reads
SB081216TAWCSCB63D11BR2TR1I196_F_filt.fastq:230383 reads
SB060117TAWCSCB33CD19BR2TR1I553_F_filt.fastq:88175 reads
SB083016TAWCSCB41CD31BR1TR1I216_F_filt.fastq:14174 reads
SB082916TAWCSCB71D20BR2TR1I238_F_filt.fastq:179225 reads
SB060117TAWCSCB33CD14BR1TR1I538_F_filt.fastq:15257 reads
SB081216TAWCSCB71D20BR2TR1I201_F_filt.fastq:6811 reads
SB081216TAWCSCB22D11BR2TR1I175_F_filt.fastq:186585 reads
SB082916TAWCSCB61D11BR2TR1I231_F_filt.fastq:42496 reads
SB081216TAWCSCB33CD15BR1TR1I136_F_filt.fastq:234144 reads
SB081216TAWCSCB33CD10BR1TR1I131_F_filt.fastq:178941 reads
SB060117TAWCSCB33CD7BR1TR1I531_F_filt.fastq:10806 reads
SB060117TAWCSCB33CD4BR2TR1I544_F_filt.fastq:29349 reads
SB082916TAWCSCB52D29BR1TR1I224_F_filt.fastq:164024 reads
SB082916TAWCSCB64D10BR2TR1I237_F_filt.fastq:11243 reads
SB081216TAWCSCB61D11BR2TR1I193_F_filt.fastq:1726 reads
SB081216TAWCSCB54D25BR1TR1I190_F_filt.fastq:62906 reads
SB072516TAWCSCB33CD20BR2TR1I120_F_filt.fastq:231024 reads
SB072516TAWCSCB33CD18BR1TR1I118_F_filt.fastq:400538 reads
SB060117TAWCSCB33CD1BR1TR1I525_F_filt.fastq:121437 reads
SB081216TAWCSCB51D33BR1TR1I186_F_filt.fastq:100827 reads
SB081216TAWCSCB62D9BR2TR1I195_F_filt.fastq:6918 reads
SB062917TAWCSLABDPCBR1TR1I607_F_filt.fastq:177641 reads
SB072516TAWCSCB33CD0BR1TR1I95_F_filt.fastq:298053 reads
SB071116TAWCSCB22D11BR2TR1I145_F_filt.fastq:161544 reads
SB060117TAWCSCB33CD4BR1TR1I528_F_filt.fastq:57237 reads
SB060117TAWCSCB33CD5BR1TR1I529_F_filt.fastq:92137 reads
SB081216TAWCSCB33CD2BR1TR1I127_F_filt.fastq:65679 reads
SB072516TAWCSCB33CD6BR2TR1I105_F_filt.fastq:377766 reads
SB081216TAWCSCB72D20BR2TR1I203_F_filt.fastq:7435 reads
SB071116TAWCSCB44D30BR1TR1I152_F_filt.fastq:191915 reads
SB071116TAWCSCB72D20BR1TR1I169_F_filt.fastq:7513 reads
SB082916TAWCSCB44D30BR1TR1I222_F_filt.fastq:288055 reads
SB062716TAWCSCB33CD12BR2TR1I603_F_filt.fastq:199121 reads
SB071116TAWCSCB54D25BR2TR1I158_F_filt.fastq:30042 reads
SB083116TAWCSCB22D11BR2TR1I210_F_filt.fastq:50650 reads
SB081216TAWCSCB64D10BR2TR1I199_F_filt.fastq:5920 reads
SB072516TAWCSCB33CD0BR2TR1I96_F_filt.fastq:189782 reads
SB081216TAWCSCB61D11BR1TR1I192_F_filt.fastq:4169 reads
SB081216TAWCSCB73D12BR1TR1I205_F_filt.fastq:128423 reads
SB082916TAWCSCB74D13BR1TR1I246_F_filt.fastq:23888 reads
SB060117TAWCSCB33CD0BR2TR1I542_F_filt.fastq:19080 reads
SB081216TAWCSCB33CD24BR1TR1I181_F_filt.fastq:103982 reads
SB082916TAWCSCB72D20BR1TR1I241_F_filt.fastq:12871 reads
SB072516TAWCSCB33CD4BR1TR1I102_F_filt.fastq:516240 reads
SB072516TAWCSCB33CD20BR1TR1I121_F_filt.fastq:163407 reads
SB082916TAWCSCB63D10BR3TR1I234_F_filt.fastq:18969 reads
SB060117TAWCSCB33CD21BR2TR1I554_F_filt.fastq:7085 reads
SB072516TAWCSCB33CD14BR1TR1I113_F_filt.fastq:81105 reads
SB060117TAWCSCB33CD13BR1TR1I537_F_filt.fastq:9010 reads
SB081216TAWCSCB62D9BR1TR1I194_F_filt.fastq:39216 reads
SB082916TAWCSCB74D13BR2TR1I614_F_filt.fastq:14552 reads
SB062917TAWCSLABDPCBR1TR2I606_F_filt.fastq:263380 reads
SB071116TAWCSCB64D10BR1TR1I165_F_filt.fastq:16281 reads
SB071116TAWCSCB53D25BR2TR1I156_F_filt.fastq:148990 reads
SB082916TAWCSCB43CD26BR1TR1I219_F_filt.fastq:32306 reads
SB060117TAWCSCB33CD14BR2TR1I549_F_filt.fastq:298335 reads
SB072516TAWCSCB33CD16BR1TR1I115_F_filt.fastq:22594 reads
SB062716TAWCSCB33CD1BR1TR3I604_F_filt.fastq:291706 reads
SB072516TAWCSCB33CD4BR2TR1I101_F_filt.fastq:168905 reads
SB081216TAWCSCB22D11BR1TR1I176_F_filt.fastq:427654 reads
SB062917TAWCSLABDPCBR1TR4I609_F_filt.fastq:29902 reads
SB060117TAWCSCB33CD15BR1TR1I539_F_filt.fastq:64339 reads
SB081216TAWCSCB32D10BR1TR1I180_F_filt.fastq:43558 reads
SB081216TAWCSCB41CD31BR1TR1I182_F_filt.fastq:37139 reads
SB082916TAWCSCB53D25BR2TR1I226_F_filt.fastq:8509 reads
SB071116TAWCSCB43CD26BR1TR1I151_F_filt.fastq:3774 reads
SB060117TAWCSCB33CD10BR2TR1I547_F_filt.fastq:138401 reads
SB071116TAWCSCB52D29BR1TR1I154_F_filt.fastq:87543 reads
SB062917TAWCSLABDPCBR1TR3I608_F_filt.fastq:280689 reads
SB060117TAWCSCB33CD11BR1TR1I535_F_filt.fastq:70986 reads
SB082916TAWCSCB31D13BR1TR2I212_F_filt.fastq:17936 reads
SB060117TAWCSCB33CD6BR1TR1I530_F_filt.fastq:73275 reads
SB060117TAWCSCB33CD3BR1TR1I527_F_filt.fastq:131725 reads
SB071116TAWCSCB63D10BR2TR1I164_F_filt.fastq:8879 reads
SB071116TAWCSCB54D25BR1TR1I157_F_filt.fastq:183903 reads
SB082916TAWCSCB62D9BR1TR1I232_F_filt.fastq:320573 reads
SB060117TAWCSCB33CD8BR2TR1I546_F_filt.fastq:124673 reads
SB060117TAWCSCB33CD2BR2TR1I543_F_filt.fastq:23712 reads
SB060117TAWCSCB33CD8BR2TR1I546_R_filt.fastq:124673 reads
SB062917TAWCSLABDPCBR1TR4I609_R_filt.fastq:29902 reads
SB081216TAWCSCB33CD10BR1TR1I131_R_filt.fastq:178941 reads
SB082916TAWCSCB74D13BR1TR1I246_R_filt.fastq:23888 reads
SB081216TAWCSCB72D20BR2TR1I203_R_filt.fastq:7435 reads
SB072516TAWCSCB33CD20BR2TR1I120_R_filt.fastq:231024 reads
SB071116TAWCSCB72D20BR1TR1I169_R_filt.fastq:7513 reads
SB081216TAWCSCB22D11BR2TR1I175_R_filt.fastq:186585 reads
SB081216TAWCSCB51D33BR1TR1I186_R_filt.fastq:100827 reads
SB060117TAWCSCB33CD19BR2TR1I553_R_filt.fastq:88175 reads
SB081216TAWCSCB62D9BR1TR1I194_R_filt.fastq:39216 reads
SB060117TAWCSCB33CD2BR2TR1I543_R_filt.fastq:23712 reads
SB071116TAWCSCB22D11BR1TR1I144_R_filt.fastq:89027 reads
SB060117TAWCSCB33CD13BR1TR1I537_R_filt.fastq:9010 reads
SB060117TAWCSCB33CD14BR1TR1I538_R_filt.fastq:15257 reads
SB072516TAWCSCB33CD4BR2TR1I101_R_filt.fastq:168905 reads
SB062716TAWCSCB33CD12BR2TR1I603_R_filt.fastq:199121 reads
SB081216TAWCSCB33CD16BR3TR1I139_R_filt.fastq:132999 reads
SB082916TAWCSCB61D11BR2TR1I231_R_filt.fastq:42496 reads
SB072516TAWCSCB33CD18BR1TR1I118_R_filt.fastq:400538 reads
SB071116TAWCSCB22D11BR2TR1I145_R_filt.fastq:161544 reads
SB072516TAWCSCB33CD0BR1TR1I95_R_filt.fastq:298053 reads
SB082916TAWCSCB61D11BR1TR1I230_R_filt.fastq:14199 reads
SB071116TAWCSCB54D25BR1TR1I157_R_filt.fastq:183903 reads
SB072516TAWCSCB33CD20BR1TR1I121_R_filt.fastq:163407 reads
SB081216TAWCSCB53D25BR2TR1I189_R_filt.fastq:28121 reads
SB081216TAWCSCB33CD2BR1TR1I127_R_filt.fastq:65679 reads
SB081216TAWCSCB54D25BR1TR1I190_R_filt.fastq:62906 reads
SB071116TAWCSCB43CD26BR1TR1I151_R_filt.fastq:3774 reads
SB071116TAWCSCB63D10BR2TR1I164_R_filt.fastq:8879 reads
SB060117TAWCSCB33CD3BR1TR1I527_R_filt.fastq:131725 reads
SB062917TAWCSLABDPCBR1TR1I607_R_filt.fastq:177641 reads
SB060117TAWCSCB33CD15BR1TR1I539_R_filt.fastq:64339 reads
SB081216TAWCSCB22D11BR1TR1I176_R_filt.fastq:427654 reads
SB060117TAWCSCB33CD4BR2TR1I544_R_filt.fastq:29349 reads
SB082916TAWCSCB52D29BR1TR1I224_R_filt.fastq:164024 reads
SB072516TAWCSCB33CD14BR1TR1I113_R_filt.fastq:81105 reads
SB083116TAWCSCB22D11BR2TR1I210_R_filt.fastq:50650 reads
SB071116TAWCSCB54D25BR2TR1I158_R_filt.fastq:30042 reads
SB082916TAWCSCB74D13BR2TR1I614_R_filt.fastq:14552 reads
SB072516TAWCSCB33CD4BR1TR1I102_R_filt.fastq:516240 reads
SB082916TAWCSCB53D25BR2TR1I226_R_filt.fastq:8509 reads
SB060117TAWCSCB33CD8BR1TR1I532_R_filt.fastq:43838 reads
SB071116TAWCSCB63D10BR1TR1I163_R_filt.fastq:173041 reads
SB081216TAWCSCB33CD15BR1TR1I136_R_filt.fastq:234144 reads
SB060117TAWCSCB33CD14BR2TR1I549_R_filt.fastq:298335 reads
SB082916TAWCSCB71D20BR1TR1I239_R_filt.fastq:415 reads
SB071116TAWCSCB52D29BR1TR1I154_R_filt.fastq:87543 reads
SB082916TAWCSCB62D9BR1TR1I232_R_filt.fastq:320573 reads
SB060117TAWCSCB33CD0BR2TR1I542_R_filt.fastq:19080 reads
SB071116TAWCSCB41CD31BR1TR1I149_R_filt.fastq:1775 reads
SB081216TAWCSCB71D20BR2TR1I201_R_filt.fastq:6811 reads
SB081216TAWCSCB64D10BR2TR1I199_R_filt.fastq:5920 reads
SB081216TAWCSCB41CD31BR1TR1I182_R_filt.fastq:37139 reads
SB082916TAWCSCB71D20BR2TR1I238_R_filt.fastq:179225 reads
SB071116TAWCSCB53D25BR2TR1I156_R_filt.fastq:148990 reads
SB082916TAWCSCB31D13BR1TR2I212_R_filt.fastq:17936 reads
SB072516TAWCSCB33CD6BR2TR1I105_R_filt.fastq:377766 reads
SB082916TAWCSCB54D25BR2TR1I228_R_filt.fastq:14304 reads
SB060117TAWCSCB33CD10BR2TR1I547_R_filt.fastq:138401 reads
SB060117TAWCSCB33CD2BR1TR1I526_R_filt.fastq:6622 reads
SB060117TAWCSCB33CD1BR1TR1I525_R_filt.fastq:121437 reads
SB081216TAWCSCB42CD26BR1TR1I183_R_filt.fastq:102462 reads
SB081216TAWCSCB62D9BR2TR1I195_R_filt.fastq:6918 reads
SB082916TAWCSCB53D25BR1TR1I225_R_filt.fastq:126821 reads
SB060117TAWCSCB33CD4BR1TR1I528_R_filt.fastq:57237 reads
SB071116TAWCSCB64D10BR1TR1I165_R_filt.fastq:16281 reads
SB060117TAWCSCB33CD21BR2TR1I554_R_filt.fastq:7085 reads
SB071116TAWCSCB44D30BR1TR1I152_R_filt.fastq:191915 reads
SB060117TAWCSCB33CD5BR1TR1I529_R_filt.fastq:92137 reads
SB062917TAWCSLABDPCBR1TR2I606_R_filt.fastq:263380 reads
SB062917TAWCSLABDPCBR1TR3I608_R_filt.fastq:280689 reads
SB081216TAWCSCB33CD24BR1TR1I181_R_filt.fastq:103982 reads
SB081216TAWCSCB32D10BR1TR1I180_R_filt.fastq:43558 reads
SB081216TAWCSCB73D12BR1TR1I205_R_filt.fastq:128423 reads
SB081216TAWCSCB43CD26BR1TR1I184_R_filt.fastq:74645 reads
SB060117TAWCSCB33CD11BR1TR1I535_R_filt.fastq:70986 reads
SB082916TAWCSCB44D30BR1TR1I222_R_filt.fastq:288055 reads
SB062716TAWCSCB33CD1BR1TR3I604_R_filt.fastq:291706 reads
SB081216TAWCSCB54D25BR2TR1I191_R_filt.fastq:14991 reads
SB082916TAWCSCB64D10BR2TR1I237_R_filt.fastq:11243 reads
SB083016TAWCSCB41CD31BR1TR1I216_R_filt.fastq:14174 reads
SB082916TAWCSCB43CD26BR1TR1I219_R_filt.fastq:32306 reads
SB082916TAWCSCB64D10BR1TR1I236_R_filt.fastq:395376 reads
SB082916TAWCSCB63D10BR3TR1I234_R_filt.fastq:18969 reads
SB071116TAWCSCB74D13BR2TR1I173_R_filt.fastq:65459 reads
SB082916TAWCSCB72D20BR1TR1I241_R_filt.fastq:12871 reads
SB081216TAWCSCB61D11BR2TR1I193_R_filt.fastq:1726 reads
SB072516TAWCSCB33CD16BR1TR1I115_R_filt.fastq:22594 reads
SB072516TAWCSCB33CD0BR2TR1I96_R_filt.fastq:189782 reads
SB060117TAWCSCB33CD7BR1TR1I531_R_filt.fastq:10806 reads
SB081216TAWCSCB31D13BR1TR1I177_R_filt.fastq:219379 reads
SB060117TAWCSCB33CD6BR1TR1I530_R_filt.fastq:73275 reads
SB081216TAWCSCB61D11BR1TR1I192_R_filt.fastq:4169 reads
SB081216TAWCSCB63D11BR2TR1I196_R_filt.fastq:230383 reads
SB071116TAWCSCB33CD24BR1TR1I148_R_filt.fastq:15624 reads
null device 
          1 
