Retained 0.610935273104189 ( 160 , 160 )
Retained 0.615872404608324 ( 160 , 160 )
Retained 0.608238942493563 ( 160 , 160 )
Retained 0.603225592276388 ( 160 , 160 )
Retained 0.613307578497452 ( 160 , 160 )
Retained 0.632947797158225 ( 160 , 160 )
Retained 0.61190175958168 ( 160 , 160 )
Retained 0.640204313877688 ( 160 , 160 )
Retained 0.636234688604979 ( 160 , 160 )
Retained 0.5 ( 160 , 160 )
Retained 0.629263900717849 ( 160 , 160 )
Retained 0.648314285233374 ( 160 , 160 )
Retained 0.643449894443696 ( 160 , 160 )
Retained 0.59102685216993 ( 160 , 160 )
Retained 0.62122313031145 ( 160 , 160 )
Retained 0.198656429942418 ( 160 , 160 )
Retained 0.598883613679716 ( 160 , 160 )
Retained 0.653029619606074 ( 160 , 160 )
Retained 0.50104769088928 ( 160 , 160 )
Retained 0.659609114221729 ( 160 , 160 )
Retained 0.633339720552638 ( 160 , 160 )
Retained 0.63949876246117 ( 160 , 160 )
Retained 0.630012906253667 ( 160 , 160 )
Retained 0.585757851503898 ( 160 , 160 )
Retained 0.615986903749017 ( 160 , 160 )
Retained 0.622359863734902 ( 160 , 160 )
Retained 0.582404394901061 ( 160 , 160 )
Retained 0.621713038734315 ( 160 , 160 )
Retained 0.597673456912206 ( 160 , 160 )
Retained 0.607928823581627 ( 160 , 160 )
Retained 0.60092109374096 ( 160 , 160 )
Retained 0.602697180220678 ( 160 , 160 )
Retained 0.619485528312158 ( 160 , 160 )
Retained 0.617695748652742 ( 160 , 160 )
Retained 0.375 ( 160 , 160 )
Retained 0.620910008167972 ( 160 , 160 )
Retained 0.620155487552725 ( 160 , 160 )
Retained 0.627931024221865 ( 160 , 160 )
Retained 0.640009120389137 ( 160 , 160 )
Retained 0.616615913172484 ( 160 , 160 )
Retained 0.621950370653952 ( 160 , 160 )
Retained 0.618144233889743 ( 160 , 160 )
Retained 0.608058977290169 ( 160 , 160 )
Retained 0.605711865655152 ( 160 , 160 )
Retained 0.63594878945367 ( 160 , 160 )
Retained 0.636741774060249 ( 160 , 160 )
Retained 0.611257111056146 ( 160 , 160 )
Retained 0.624187630160986 ( 160 , 160 )
Retained 0.618530519872957 ( 160 , 160 )
Retained 0.629473566077303 ( 160 , 160 )
Retained 0.622045430111655 ( 160 , 160 )
Retained 0.625033753288535 ( 160 , 160 )
Retained 0.609916946138783 ( 160 , 160 )
Retained 0.629273490424426 ( 160 , 160 )
Retained 0.590046088292414 ( 160 , 160 )
Retained 0.615757568916082 ( 160 , 160 )
Retained 0.603338169462942 ( 160 , 160 )
Retained 0.609843494304312 ( 160 , 160 )
Retained 0.610806830211258 ( 160 , 160 )
Retained 0.612084530916059 ( 160 , 160 )
Retained 0.631153410962632 ( 160 , 160 )
Retained 0.622899706935852 ( 160 , 160 )
Retained 0.614382605600157 ( 160 , 160 )
Retained 0.629147220875041 ( 160 , 160 )
Retained 0.624207068973969 ( 160 , 160 )
Retained 0.653236362204879 ( 160 , 160 )
Retained 0.611328563636947 ( 160 , 160 )
Retained 0.606757449730836 ( 160 , 160 )
Retained 0.633495198201437 ( 160 , 160 )
Retained 0.620303805448131 ( 160 , 160 )
Retained 0.575491708445816 ( 160 , 160 )
Retained 0.634016224654963 ( 160 , 160 )
Retained 0.61452670087902 ( 160 , 160 )
Retained 0.614041278639423 ( 160 , 160 )
Retained 0.627972204674668 ( 160 , 160 )
Retained 0.624833151854571 ( 160 , 160 )
Retained 0.62465163851103 ( 160 , 160 )
Retained 0.622466026436366 ( 160 , 160 )
Retained 0.621760464107569 ( 160 , 160 )
Retained 0.629066853763656 ( 160 , 160 )
Retained 0.62927735977774 ( 160 , 160 )
Retained 0.637066482507706 ( 160 , 160 )
Retained 0.623894621485846 ( 160 , 160 )
Retained 0.621800362834539 ( 160 , 160 )
Retained 0.617984356081364 ( 160 , 160 )
Retained 0.6149055610783 ( 160 , 160 )
Retained 0.63621463945707 ( 160 , 160 )
Retained 0.629487573924042 ( 160 , 160 )
Retained 0.627280268554195 ( 160 , 160 )
Retained 0.615205756452367 ( 160 , 160 )
Retained 0.605435267857143 ( 160 , 160 )
Retained 0.626281782697863 ( 160 , 160 )
Retained 0.615754669208543 ( 160 , 160 )
Retained 0.619696829902363 ( 160 , 160 )
Retained 0.630633805771635 ( 160 , 160 )
Retained 0.597907155164824 ( 160 , 160 )
Python 3.7.3
SB091817TAWCSCB31D13BR1TR1I493_F_filt.fastq:63647 reads
BF2_BenFrank2_F_filt.fastq:130624 reads
SB091817TAWCSCB63D10BR1TR1I518_F_filt.fastq:56800 reads
SB080717TAWCSCB51D33BR1TR1I432_F_filt.fastq:242724 reads
ANF19_G2_F_filt.fastq:82583 reads
SB082817TAWCSCB33CD5BR1TR1I456_F_filt.fastq:38109 reads
BF9_BenFrank9_F_filt.fastq:53487 reads
SB091817TAWCSCB72D20BR1TR1I521_F_filt.fastq:47539 reads
ANF1_A1_F_filt.fastq:308907 reads
ANF7_C1_F_filt.fastq:161957 reads
SB082817TAWCSCB42CD26BR1TR1I463_F_filt.fastq:537183 reads
SB080717TAWCSCB42CD26BR1TR1I429_F_filt.fastq:482370 reads
SB091817TAWCSCB51D33BR1TR1I500_F_filt.fastq:92072 reads
SB082817TAWCSCB62D9BR1TR1I473_F_filt.fastq:528502 reads
SB071717TAWCSCB33CD2BR1TR1I576_F_filt.fastq:39541 reads
SB061517TAWCSCB33CD6BR1TR1I563_F_filt.fastq:265422 reads
SB061517TAWCSCB33CD2BR1TR1I561_F_filt.fastq:87617 reads
ANF11_D2_F_filt.fastq:203575 reads
SB041117TAWCSCB61D11BR1TR1I302_F_filt.fastq:64615 reads
SB082817TAWCSCB73D12BR1TR1I478_F_filt.fastq:62762 reads
SB080717TAWCSCB63D10BR1TR1I440_F_filt.fastq:39813 reads
BF3_BenFrank3_F_filt.fastq:43678 reads
SB071017TAWCSCB71D20BR1TR1I417_F_filt.fastq:70238 reads
SB082817TAWCSCB32D10BR1TR1I460_F_filt.fastq:63666 reads
SB080717TAWCSCB43CD27BR1TR1I430_F_filt.fastq:81004 reads
ANF10_D1_F_filt.fastq:253691 reads
ANF8_C2_F_filt.fastq:139781 reads
SB080717TAWCSCB61D11BR1TR1I447_F_filt.fastq:48655 reads
SB080717TAWCSCB62D9BR1TR1I439_F_filt.fastq:497131 reads
SB091817TAWCSCB53D25BR2TR1I503_F_filt.fastq:80911 reads
SB082817TAWCSCB53D25BR1TR1I468_F_filt.fastq:66197 reads
ANF15_E3_F_filt.fastq:4 reads
SB091817TAWCSCB42CD26BR1TR1I497_F_filt.fastq:673213 reads
SB080717TAWCSCB73D12BR1TR1I444_F_filt.fastq:262334 reads
SB091817TAWCSCB32D10BR1TR1I494_F_filt.fastq:75644 reads
SB082817TAWCSCB53D5BR1TR1I454_F_filt.fastq:48378 reads
94_AmirControl_R2_F_filt.fastq:73943 reads
BF6_BenFrank6_F_filt.fastq:89033 reads
SB082817TAWCSCB54D25BR2TR1I480_F_filt.fastq:74556 reads
ANF13_E1_F_filt.fastq:194649 reads
ANF17_F2_F_filt.fastq:192585 reads
EMPTY_G1_F_filt.fastq:263055 reads
SB080717TAWCSCB44D31BR1TR1I431_F_filt.fastq:81015 reads
SB091817TAWCSCB33CD24BR1TR1I495_F_filt.fastq:57500 reads
SB080717TAWCSCB54D25BR2TR1I446_F_filt.fastq:109095 reads
ANF20_G3_F_filt.fastq:1242 reads
ANF4_B1_F_filt.fastq:86866 reads
SB060117TAWCSCB33CD12BR1TR1I536_F_filt.fastq:631561 reads
SB082817TAWCSCB43CD27BR1TR1I464_F_filt.fastq:146243 reads
SB080717TAWCSCB71D20BR1TR1I442_F_filt.fastq:88133 reads
SB080717TAWCSCB72D20BR1TR1I452_F_filt.fastq:76517 reads
SB082817TAWCSCB63D10BR1TR1I483_F_filt.fastq:137613 reads
SB091817TAWCSCB44D31BR1TR1I499_F_filt.fastq:107526 reads
SB082817TAWCSCB54D25BR1TR1I470_F_filt.fastq:71343 reads
ANF14_E2_F_filt.fastq:125594 reads
SB080717TAWCSCB31D13BR1TR1I425_F_filt.fastq:188823 reads
92_Mix93_Control_R2_F_filt.fastq:95956 reads
BF4_BenFrank4_F_filt.fastq:51282 reads
SB050817TAWCSCB61D11BR1TR1I336_F_filt.fastq:422045 reads
SB061517TAWCSCB33CD21BR1TR1I571_F_filt.fastq:71482 reads
SB080717TAWCSCB53D5BR1TR1I420_F_filt.fastq:40712 reads
SB082817TAWCSCB33CD24BR1TR1I461_F_filt.fastq:66376 reads
ANF18_F3_F_filt.fastq:114601 reads
ANF2_A2_F_filt.fastq:213743 reads
SB082817TAWCSCB62D9BR1TR1I482_F_filt.fastq:199708 reads
SB082817TAWCSCB44D5BR1TR1I455_F_filt.fastq:65659 reads
178B_WaterBathControlB_F_filt.fastq:33007 reads
SB071017TAWCSCB73D12BR1TR1I419_F_filt.fastq:70111 reads
BF1_BenFrank1_F_filt.fastq:47635 reads
ANF5_B2_F_filt.fastq:11956 reads
ANF12_D3_F_filt.fastq:264467 reads
SB041117TAWCSCB61D11BR1TR1I311_F_filt.fastq:74983 reads
SB082817TAWCSCB63D10BR1TR1I474_F_filt.fastq:63715 reads
SB082817TAWCSCB44D31BR1TR1I465_F_filt.fastq:51167 reads
SB091817TAWCSCB33CD5BR1TR1I490_F_filt.fastq:381819 reads
BF7_BenFrank7_F_filt.fastq:51931 reads
SB091817TAWCSCB72D20BR1TR1I511_F_filt.fastq:75152 reads
SB061517TAWCSCB33CD0BR2TR1I558_F_filt.fastq:71073 reads
BF10_BenFrank10_F_filt.fastq:57195 reads
SB080717TAWCSCB44D5BR1TR1I421_F_filt.fastq:243882 reads
ANF16_F1_F_filt.fastq:129298 reads
BF5_BenFrank5_F_filt.fastq:33242 reads
SB080717TAWCSCB63D10BR1TR1I449_F_filt.fastq:66443 reads
SB082817TAWCSCB31D13BR1TR1I459_F_filt.fastq:316529 reads
SB091817TAWCSCB71D20BR1TR1I510_F_filt.fastq:41343 reads
EMPTY_H2_F_filt.fastq:3 reads
SB091817TAWCSCB62D9BR1TR1I507_F_filt.fastq:54247 reads
SB091817TAWCSCB71D20BR1TR1I520_F_filt.fastq:114181 reads
SB091817TAWCSCB53D5BR1TR1I488_F_filt.fastq:489219 reads
SB091817TAWCSCB43CD27BR1TR1I498_F_filt.fastq:126186 reads
ANF3_A3_F_filt.fastq:255564 reads
BF8_BenFrank8_F_filt.fastq:51618 reads
ANF9_C3_F_filt.fastq:134240 reads
ANF6_B3_F_filt.fastq:170536 reads
SB080717TAWCSCB33CD5BR1TR1I422_F_filt.fastq:96205 reads
SB071017TAWCSCB61D11BR1TR1I404_F_filt.fastq:98685 reads
SB091817TAWCSCB42CD26BR1TR1I497_R_filt.fastq:673213 reads
SB071017TAWCSCB61D11BR1TR1I404_R_filt.fastq:98685 reads
SB082817TAWCSCB31D13BR1TR1I459_R_filt.fastq:316529 reads
ANF5_B2_R_filt.fastq:11956 reads
SB091817TAWCSCB43CD27BR1TR1I498_R_filt.fastq:126186 reads
SB091817TAWCSCB44D31BR1TR1I499_R_filt.fastq:107526 reads
SB061517TAWCSCB33CD2BR1TR1I561_R_filt.fastq:87617 reads
SB082817TAWCSCB33CD24BR1TR1I461_R_filt.fastq:66376 reads
SB082817TAWCSCB63D10BR1TR1I483_R_filt.fastq:137613 reads
SB080717TAWCSCB44D5BR1TR1I421_R_filt.fastq:243882 reads
SB080717TAWCSCB61D11BR1TR1I447_R_filt.fastq:48655 reads
SB082817TAWCSCB44D5BR1TR1I455_R_filt.fastq:65659 reads
ANF1_A1_R_filt.fastq:308907 reads
ANF13_E1_R_filt.fastq:194649 reads
BF3_BenFrank3_R_filt.fastq:43678 reads
ANF2_A2_R_filt.fastq:213743 reads
SB080717TAWCSCB43CD27BR1TR1I430_R_filt.fastq:81004 reads
SB080717TAWCSCB62D9BR1TR1I439_R_filt.fastq:497131 reads
SB071717TAWCSCB33CD2BR1TR1I576_R_filt.fastq:39541 reads
SB082817TAWCSCB54D25BR2TR1I480_R_filt.fastq:74556 reads
SB080717TAWCSCB71D20BR1TR1I442_R_filt.fastq:88133 reads
ANF19_G2_R_filt.fastq:82583 reads
SB060117TAWCSCB33CD12BR1TR1I536_R_filt.fastq:631561 reads
SB091817TAWCSCB71D20BR1TR1I510_R_filt.fastq:41343 reads
ANF16_F1_R_filt.fastq:129298 reads
SB071017TAWCSCB71D20BR1TR1I417_R_filt.fastq:70238 reads
SB080717TAWCSCB54D25BR2TR1I446_R_filt.fastq:109095 reads
BF10_BenFrank10_R_filt.fastq:57195 reads
ANF9_C3_R_filt.fastq:134240 reads
SB091817TAWCSCB63D10BR1TR1I518_R_filt.fastq:56800 reads
BF2_BenFrank2_R_filt.fastq:130624 reads
ANF8_C2_R_filt.fastq:139781 reads
SB041117TAWCSCB61D11BR1TR1I302_R_filt.fastq:64615 reads
ANF10_D1_R_filt.fastq:253691 reads
SB071017TAWCSCB73D12BR1TR1I419_R_filt.fastq:70111 reads
SB080717TAWCSCB63D10BR1TR1I449_R_filt.fastq:66443 reads
SB082817TAWCSCB42CD26BR1TR1I463_R_filt.fastq:537183 reads
SB082817TAWCSCB53D5BR1TR1I454_R_filt.fastq:48378 reads
SB082817TAWCSCB54D25BR1TR1I470_R_filt.fastq:71343 reads
SB091817TAWCSCB32D10BR1TR1I494_R_filt.fastq:75644 reads
SB080717TAWCSCB51D33BR1TR1I432_R_filt.fastq:242724 reads
SB061517TAWCSCB33CD21BR1TR1I571_R_filt.fastq:71482 reads
SB050817TAWCSCB61D11BR1TR1I336_R_filt.fastq:422045 reads
SB082817TAWCSCB43CD27BR1TR1I464_R_filt.fastq:146243 reads
SB080717TAWCSCB44D31BR1TR1I431_R_filt.fastq:81015 reads
BF7_BenFrank7_R_filt.fastq:51931 reads
SB091817TAWCSCB31D13BR1TR1I493_R_filt.fastq:63647 reads
EMPTY_G1_R_filt.fastq:263055 reads
SB080717TAWCSCB63D10BR1TR1I440_R_filt.fastq:39813 reads
ANF18_F3_R_filt.fastq:114601 reads
SB080717TAWCSCB33CD5BR1TR1I422_R_filt.fastq:96205 reads
ANF20_G3_R_filt.fastq:1242 reads
ANF14_E2_R_filt.fastq:125594 reads
SB082817TAWCSCB73D12BR1TR1I478_R_filt.fastq:62762 reads
BF6_BenFrank6_R_filt.fastq:89033 reads
SB082817TAWCSCB53D25BR1TR1I468_R_filt.fastq:66197 reads
ANF15_E3_R_filt.fastq:4 reads
SB082817TAWCSCB33CD5BR1TR1I456_R_filt.fastq:38109 reads
ANF4_B1_R_filt.fastq:86866 reads
BF8_BenFrank8_R_filt.fastq:51618 reads
SB082817TAWCSCB32D10BR1TR1I460_R_filt.fastq:63666 reads
ANF6_B3_R_filt.fastq:170536 reads
ANF11_D2_R_filt.fastq:203575 reads
SB091817TAWCSCB53D25BR2TR1I503_R_filt.fastq:80911 reads
SB091817TAWCSCB72D20BR1TR1I521_R_filt.fastq:47539 reads
SB080717TAWCSCB42CD26BR1TR1I429_R_filt.fastq:482370 reads
SB091817TAWCSCB33CD24BR1TR1I495_R_filt.fastq:57500 reads
ANF17_F2_R_filt.fastq:192585 reads
SB091817TAWCSCB62D9BR1TR1I507_R_filt.fastq:54247 reads
BF1_BenFrank1_R_filt.fastq:47635 reads
SB082817TAWCSCB62D9BR1TR1I482_R_filt.fastq:199708 reads
178B_WaterBathControlB_R_filt.fastq:33007 reads
EMPTY_H2_R_filt.fastq:3 reads
SB082817TAWCSCB62D9BR1TR1I473_R_filt.fastq:528502 reads
SB091817TAWCSCB71D20BR1TR1I520_R_filt.fastq:114181 reads
SB041117TAWCSCB61D11BR1TR1I311_R_filt.fastq:74983 reads
SB061517TAWCSCB33CD0BR2TR1I558_R_filt.fastq:71073 reads
SB082817TAWCSCB44D31BR1TR1I465_R_filt.fastq:51167 reads
SB091817TAWCSCB72D20BR1TR1I511_R_filt.fastq:75152 reads
SB080717TAWCSCB72D20BR1TR1I452_R_filt.fastq:76517 reads
ANF7_C1_R_filt.fastq:161957 reads
BF9_BenFrank9_R_filt.fastq:53487 reads
SB091817TAWCSCB33CD5BR1TR1I490_R_filt.fastq:381819 reads
SB080717TAWCSCB53D5BR1TR1I420_R_filt.fastq:40712 reads
SB091817TAWCSCB53D5BR1TR1I488_R_filt.fastq:489219 reads
SB061517TAWCSCB33CD6BR1TR1I563_R_filt.fastq:265422 reads
SB080717TAWCSCB73D12BR1TR1I444_R_filt.fastq:262334 reads
SB082817TAWCSCB63D10BR1TR1I474_R_filt.fastq:63715 reads
92_Mix93_Control_R2_R_filt.fastq:95956 reads
94_AmirControl_R2_R_filt.fastq:73943 reads
SB080717TAWCSCB31D13BR1TR1I425_R_filt.fastq:188823 reads
ANF3_A3_R_filt.fastq:255564 reads
ANF12_D3_R_filt.fastq:264467 reads
BF5_BenFrank5_R_filt.fastq:33242 reads
SB091817TAWCSCB51D33BR1TR1I500_R_filt.fastq:92072 reads
BF4_BenFrank4_R_filt.fastq:51282 reads
null device 
          1 
