Retained 0.559053553370104 ( 160 , 160 )
Retained 0.620222690994498 ( 160 , 160 )
Retained 0.581415340361956 ( 160 , 160 )
Retained 0.596603783887084 ( 160 , 160 )
Retained 0.59280853077119 ( 160 , 160 )
Retained 0.575113754910883 ( 160 , 160 )
Retained 0.606538091333642 ( 160 , 160 )
Retained 0.594484192272376 ( 160 , 160 )
Retained 0.603911482339759 ( 160 , 160 )
Retained 0.595172129766562 ( 160 , 160 )
Retained 0.592873845532695 ( 160 , 160 )
Retained 0.591745109820415 ( 160 , 160 )
Retained 0.622570180084746 ( 160 , 160 )
Retained 0.613090734623831 ( 160 , 160 )
Retained 0.592501637197119 ( 160 , 160 )
Retained 0.629386860028652 ( 160 , 160 )
Retained 0.61424089944558 ( 160 , 160 )
Retained 0.625371201752995 ( 160 , 160 )
Retained 0.596687643734512 ( 160 , 160 )
Retained 0.608272990106363 ( 160 , 160 )
Retained 0.620674706672447 ( 160 , 160 )
Retained 0.613097311504481 ( 160 , 160 )
Retained 0.626090652160054 ( 160 , 160 )
Retained 0.628391487509897 ( 160 , 160 )
Retained 0.611490624408107 ( 160 , 160 )
Retained 0.604487215685342 ( 160 , 160 )
Retained 0.622619626926196 ( 160 , 160 )
Retained 0.606345020882697 ( 160 , 160 )
Retained 0.612009997829603 ( 160 , 160 )
Retained 0.629028207405593 ( 160 , 160 )
Retained 0.622459922565587 ( 160 , 160 )
Retained 0.592738493513104 ( 160 , 160 )
Retained 0.574515715459044 ( 160 , 160 )
Retained 0.596697704283344 ( 160 , 160 )
Retained 0.595647473232658 ( 160 , 160 )
Retained 0.594835508653092 ( 160 , 160 )
Retained 0.611659580073623 ( 160 , 160 )
Retained 0.581665933123427 ( 160 , 160 )
Retained 0.607594618172057 ( 160 , 160 )
Retained 0.613559522257707 ( 160 , 160 )
Retained 0.598564591538606 ( 160 , 160 )
Retained 0.596103049472439 ( 160 , 160 )
Retained 0.613319321538649 ( 160 , 160 )
Retained 0.60903144395921 ( 160 , 160 )
Retained 0.594195369847544 ( 160 , 160 )
Retained 0.591941924525312 ( 160 , 160 )
Retained 0.492309057394411 ( 160 , 160 )
Retained 0.617161662989315 ( 160 , 160 )
Retained 0.611554132980142 ( 160 , 160 )
Retained 0.599165594070392 ( 160 , 160 )
Retained 0.614261481813019 ( 160 , 160 )
Retained 0.610346650196279 ( 160 , 160 )
Retained 0.617054488441322 ( 160 , 160 )
Retained 0.602831716089493 ( 160 , 160 )
Retained 0.599061536097504 ( 160 , 160 )
Retained 0.576351018503314 ( 160 , 160 )
Retained 0.602197299153124 ( 160 , 160 )
Retained 0.623690486251713 ( 160 , 160 )
Retained 0.593435167383655 ( 160 , 160 )
Retained 0.592819964235535 ( 160 , 160 )
Retained 0.602401601067378 ( 160 , 160 )
Retained 0.610984042553191 ( 160 , 160 )
Retained 0.604857494307624 ( 160 , 160 )
Retained 0.593164380710405 ( 160 , 160 )
Retained 0.581427302216988 ( 160 , 160 )
Retained 0.583086294242779 ( 160 , 160 )
Retained 0.587324546213865 ( 160 , 160 )
Retained 0.598999392488296 ( 160 , 160 )
Retained 0.595341759039172 ( 160 , 160 )
Retained 0.602300862201247 ( 160 , 160 )
Retained 0.607716365246723 ( 160 , 160 )
Retained 0.600439487331979 ( 160 , 160 )
Retained 0.589570530726257 ( 160 , 160 )
Retained 0.595857614191447 ( 160 , 160 )
Retained 0.612903564418101 ( 160 , 160 )
Retained 0.612556047131728 ( 160 , 160 )
Retained 0.586286119879709 ( 160 , 160 )
Retained 0.609748862962231 ( 160 , 160 )
Retained 0.60638021093922 ( 160 , 160 )
Retained 0.608793880031458 ( 160 , 160 )
Retained 0.603323550710828 ( 160 , 160 )
Retained 0.613043436109397 ( 160 , 160 )
Retained 0.614146345231382 ( 160 , 160 )
Retained 0.583147035762654 ( 160 , 160 )
Retained 0.616380969381209 ( 160 , 160 )
Retained 0.597748413553972 ( 160 , 160 )
Retained 0.588908342056784 ( 160 , 160 )
Retained 0.606199235811894 ( 160 , 160 )
Retained 0.597556771168521 ( 160 , 160 )
Retained 0.621044932743982 ( 160 , 160 )
Retained 0.624523970381126 ( 160 , 160 )
Retained 0.0769230769230769 ( 160 , 160 )
Retained 0.601440860374121 ( 160 , 160 )
Retained 0.587933324592257 ( 160 , 160 )
Retained 0.60113564244091 ( 160 , 160 )
Retained 0.591848855665353 ( 160 , 160 )
Python 3.7.3
SB041117TAWCSCB73D12BR1TR1I317_F_filt.fastq:157877 reads
SB050817TAWCSCB72D20BR1TR1I341_F_filt.fastq:102772 reads
92_Mix93_Control_R1_F_filt.fastq:244329 reads
SB050817TAWCSCB53D25BR2TR1I333_F_filt.fastq:162463 reads
93_PBS_Blank_Control_F_filt.fastq:129553 reads
SB041117TAWCSCB33CD5BR1TR1I286_F_filt.fastq:33224 reads
SB050817TAWCSCB54D25BR1TR1I343_F_filt.fastq:160238 reads
SB041117TAWCSCB53D5BR1TR1I284_F_filt.fastq:66940 reads
SB060517TAWCSCB44D31BR1TR1I363_F_filt.fastq:115555 reads
SB060517TAWCSCB44D5BR1TR1I353_F_filt.fastq:165290 reads
SB041117TAWCSCB51D33BR1TR1I296_F_filt.fastq:169525 reads
SB071017TAWCSCB63D10BR1TR1I406_F_filt.fastq:81313 reads
SB041117TAWCSCB73D12BR1TR1I308_F_filt.fastq:102692 reads
SB060517TAWCSCB61D11BR1TR1I370_F_filt.fastq:145231 reads
SB041117TAWCSCB71D20BR1TR1I306_F_filt.fastq:203390 reads
SB050817TAWCSCB22D11BR1TR1I322_F_filt.fastq:111797 reads
SB060517TAWCSCB32D10BR2TR1I358_F_filt.fastq:169733 reads
SB060517TAWCSCB62D9BR1TR1I371_F_filt.fastq:119135 reads
SB060517TAWCSCB73D12BR1TR1I376_F_filt.fastq:98672 reads
SB060517TAWCSCB73D12BR1TR1I385_F_filt.fastq:30299 reads
SB050817TAWCSCB51D33BR1TR1I330_F_filt.fastq:301243 reads
175_01_4_SJC_F_filt.fastq:126596 reads
95_FiltCtrl_Surface_R1_F_filt.fastq:220773 reads
SB050817TAWCSCB63D10BR2TR1I347_F_filt.fastq:66490 reads
SB050817TAWCSCB62D9BR1TR1I346_F_filt.fastq:171999 reads
SB041117TAWCSCB62D9BR1TR1I303_F_filt.fastq:38722 reads
SB071017TAWCSCB42CD26BR1TR1I395_F_filt.fastq:89993 reads
SB050817TAWCSCB63D10BR1TR1I338_F_filt.fastq:497889 reads
SB071017TAWCSCB71D20BR1TR1I408_F_filt.fastq:412534 reads
SB041117TAWCSCB22D11BR2TR1I288_F_filt.fastq:63587 reads
SB071017TAWCSCB51D33BR1TR1I398_F_filt.fastq:82023 reads
94_AmirControl_R1_F_filt.fastq:136112 reads
SB041117TAWCSCB63D10BR2TR1I313_F_filt.fastq:338989 reads
SB041117TAWCSCB71D20BR2TR1I315_F_filt.fastq:76769 reads
SB071017TAWCSCB54D25BR2TR1I412_F_filt.fastq:117180 reads
SB060517TAWCSCB54D25BR1TR1I368_F_filt.fastq:83809 reads
SB041117TAWCSCB33CD24BR1TR1I291_F_filt.fastq:94033 reads
96_ZymoControl_R1_F_filt.fastq:94860 reads
SB050817TAWCSCB73D12BR1TR1I342_F_filt.fastq:55478 reads
SB041117TAWCSCB63D10BR1TR1I304_F_filt.fastq:103968 reads
SB071017TAWCSCB54D25BR1TR1I402_F_filt.fastq:103994 reads
SB060517TAWCSCB62D9BR1TR1I380_F_filt.fastq:168853 reads
SB050817TAWCSCB33CD24BR1TR1I325_F_filt.fastq:68316 reads
SB050817TAWCSCB32D10BR2TR1I324_F_filt.fastq:313175 reads
SB071017TAWCSCB44D5BR1TR1I387_F_filt.fastq:128829 reads
SB060517TAWCSCB54D25BR1TR1I377_F_filt.fastq:464363 reads
SB041117TAWCSCB72D20BR1TR1I307_F_filt.fastq:65766 reads
SB060517TAWCSCB33CD5BR1TR1I354_F_filt.fastq:74259 reads
SB041117TAWCSCB43CD27BR1TR1I294_F_filt.fastq:157280 reads
SB071017TAWCSCB31D13BR1TR1I391_F_filt.fastq:79147 reads
SB050817TAWCSCB31D13BR1TR1I323_F_filt.fastq:114717 reads
SB060517TAWCSCB71D20BR1TR1I374_F_filt.fastq:82243 reads
SB071017TAWCSCB72D20BR1TR1I409_F_filt.fastq:125029 reads
SB050817TAWCSCB54D25BR1TR1I334_F_filt.fastq:95714 reads
SB050817TAWCSCB62D9BR1TR1I337_F_filt.fastq:171807 reads
SB060517TAWCSCB71D20BR1TR1I383_F_filt.fastq:125552 reads
SB071017TAWCSCB62D9BR1TR1I405_F_filt.fastq:185804 reads
SB050817TAWCSCB73D12BR1TR1I351_F_filt.fastq:159841 reads
SB041117TAWCSCB31D13BR1TR1I289_F_filt.fastq:176211 reads
SB041117TAWCSCB54D25BR2TR1I310_F_filt.fastq:87337 reads
SB050817TAWCSCB71D20BR2TR1I349_F_filt.fastq:163318 reads
SB060517TAWCSCB63D10BR1TR1I372_F_filt.fastq:111249 reads
SB071017TAWCSCB33CD5BR1TR1I388_F_filt.fastq:79508 reads
SB071017TAWCSCB22D11BR2TR1I390_F_filt.fastq:212880 reads
SB041117TAWCSCB32D10BR2TR1I290_F_filt.fastq:70910 reads
SB071017TAWCSCB62D9BR1TR1I414_F_filt.fastq:1 reads
SB060517TAWCSCB61D11BR1TR1I379_F_filt.fastq:551660 reads
SB041117TAWCSCB62D9BR1TR1I312_F_filt.fastq:147316 reads
SB050817TAWCSCB43CD27BR1TR1I328_F_filt.fastq:103084 reads
178A_WaterBathControlA_F_filt.fastq:65559 reads
SB060517TAWCSCB42CD26BR1TR1I361_F_filt.fastq:28896 reads
SB050817TAWCSCB53D5BR1TR1I318_F_filt.fastq:123444 reads
SB050817TAWCSCB33CD5BR1TR1I320_F_filt.fastq:230425 reads
SB060517TAWCSCB53D5BR1TR1I352_F_filt.fastq:86490 reads
SB041117TAWCSCB42CD26BR1TR1I293_F_filt.fastq:61523 reads
176_05_4_SJC_F_filt.fastq:285197 reads
SB071017TAWCSCB33CD24BR1TR1I393_F_filt.fastq:189702 reads
SB060517TAWCSCB63D10BR1TR1I381_F_filt.fastq:175166 reads
SB071017TAWCSCB73D12BR1TR1I410_F_filt.fastq:115594 reads
SB050817TAWCSCB72D20BR1TR1I350_F_filt.fastq:89339 reads
SB050817TAWCSCB71D20BR1TR1I340_F_filt.fastq:134998 reads
SB041117TAWCSCB72D20BR1TR1I316_F_filt.fastq:174828 reads
SB060517TAWCSCB22D11BR2TR1I356_F_filt.fastq:66689 reads
SB060517TAWCSCB33CD24BR1TR1I359_F_filt.fastq:118220 reads
SB050817TAWCSCB42CD26BR1TR1I327_F_filt.fastq:83579 reads
SB041117TAWCSCB54D25BR1TR1I300_F_filt.fastq:91730 reads
SB050817TAWCSCB61D11BR1TR1I345_F_filt.fastq:78924 reads
SB060517TAWCSCB53D25BR2TR1I367_F_filt.fastq:68252 reads
SB041117TAWCSCB44D31BR1TR1I295_F_filt.fastq:127076 reads
SB071017TAWCSCB43CD27BR1TR1I396_F_filt.fastq:110498 reads
SB071017TAWCSCB44D31BR1TR1I397_F_filt.fastq:107572 reads
SB050817TAWCSCB44D31BR1TR1I329_F_filt.fastq:72435 reads
177_01_6_SJC_F_filt.fastq:140681 reads
SB060517TAWCSCB43CD27BR1TR1I362_F_filt.fastq:137838 reads
SB060517TAWCSCB51D33BR1TR1I364_F_filt.fastq:56281 reads
SB060517TAWCSCB31D13BR1TR1I357_F_filt.fastq:76299 reads
SB071017TAWCSCB33CD5BR1TR1I388_R_filt.fastq:79508 reads
SB060517TAWCSCB51D33BR1TR1I364_R_filt.fastq:56281 reads
SB060517TAWCSCB22D11BR2TR1I356_R_filt.fastq:66689 reads
SB060517TAWCSCB62D9BR1TR1I371_R_filt.fastq:119135 reads
96_ZymoControl_R1_R_filt.fastq:94860 reads
SB050817TAWCSCB72D20BR1TR1I341_R_filt.fastq:102772 reads
SB060517TAWCSCB63D10BR1TR1I372_R_filt.fastq:111249 reads
SB050817TAWCSCB73D12BR1TR1I342_R_filt.fastq:55478 reads
175_01_4_SJC_R_filt.fastq:126596 reads
SB041117TAWCSCB53D5BR1TR1I284_R_filt.fastq:66940 reads
SB071017TAWCSCB31D13BR1TR1I391_R_filt.fastq:79147 reads
SB050817TAWCSCB32D10BR2TR1I324_R_filt.fastq:313175 reads
SB071017TAWCSCB44D5BR1TR1I387_R_filt.fastq:128829 reads
SB041117TAWCSCB42CD26BR1TR1I293_R_filt.fastq:61523 reads
SB071017TAWCSCB42CD26BR1TR1I395_R_filt.fastq:89993 reads
SB041117TAWCSCB32D10BR2TR1I290_R_filt.fastq:70910 reads
SB071017TAWCSCB63D10BR1TR1I406_R_filt.fastq:81313 reads
SB041117TAWCSCB71D20BR1TR1I306_R_filt.fastq:203390 reads
SB041117TAWCSCB22D11BR2TR1I288_R_filt.fastq:63587 reads
SB060517TAWCSCB62D9BR1TR1I380_R_filt.fastq:168853 reads
SB050817TAWCSCB31D13BR1TR1I323_R_filt.fastq:114717 reads
SB060517TAWCSCB54D25BR1TR1I377_R_filt.fastq:464363 reads
SB050817TAWCSCB72D20BR1TR1I350_R_filt.fastq:89339 reads
SB071017TAWCSCB62D9BR1TR1I414_R_filt.fastq:1 reads
SB050817TAWCSCB53D5BR1TR1I318_R_filt.fastq:123444 reads
SB041117TAWCSCB44D31BR1TR1I295_R_filt.fastq:127076 reads
SB060517TAWCSCB61D11BR1TR1I370_R_filt.fastq:145231 reads
SB060517TAWCSCB53D5BR1TR1I352_R_filt.fastq:86490 reads
SB060517TAWCSCB63D10BR1TR1I381_R_filt.fastq:175166 reads
177_01_6_SJC_R_filt.fastq:140681 reads
SB050817TAWCSCB44D31BR1TR1I329_R_filt.fastq:72435 reads
SB060517TAWCSCB71D20BR1TR1I383_R_filt.fastq:125552 reads
SB050817TAWCSCB62D9BR1TR1I337_R_filt.fastq:171807 reads
SB041117TAWCSCB33CD5BR1TR1I286_R_filt.fastq:33224 reads
SB050817TAWCSCB73D12BR1TR1I351_R_filt.fastq:159841 reads
SB060517TAWCSCB32D10BR2TR1I358_R_filt.fastq:169733 reads
176_05_4_SJC_R_filt.fastq:285197 reads
94_AmirControl_R1_R_filt.fastq:136112 reads
SB050817TAWCSCB43CD27BR1TR1I328_R_filt.fastq:103084 reads
SB060517TAWCSCB42CD26BR1TR1I361_R_filt.fastq:28896 reads
SB060517TAWCSCB33CD24BR1TR1I359_R_filt.fastq:118220 reads
SB041117TAWCSCB71D20BR2TR1I315_R_filt.fastq:76769 reads
SB060517TAWCSCB71D20BR1TR1I374_R_filt.fastq:82243 reads
SB050817TAWCSCB71D20BR2TR1I349_R_filt.fastq:163318 reads
SB050817TAWCSCB22D11BR1TR1I322_R_filt.fastq:111797 reads
SB071017TAWCSCB33CD24BR1TR1I393_R_filt.fastq:189702 reads
SB041117TAWCSCB73D12BR1TR1I308_R_filt.fastq:102692 reads
SB071017TAWCSCB44D31BR1TR1I397_R_filt.fastq:107572 reads
SB050817TAWCSCB54D25BR1TR1I334_R_filt.fastq:95714 reads
SB071017TAWCSCB51D33BR1TR1I398_R_filt.fastq:82023 reads
SB060517TAWCSCB73D12BR1TR1I376_R_filt.fastq:98672 reads
SB041117TAWCSCB73D12BR1TR1I317_R_filt.fastq:157877 reads
SB041117TAWCSCB51D33BR1TR1I296_R_filt.fastq:169525 reads
SB041117TAWCSCB62D9BR1TR1I303_R_filt.fastq:38722 reads
SB050817TAWCSCB71D20BR1TR1I340_R_filt.fastq:134998 reads
95_FiltCtrl_Surface_R1_R_filt.fastq:220773 reads
SB050817TAWCSCB61D11BR1TR1I345_R_filt.fastq:78924 reads
SB050817TAWCSCB42CD26BR1TR1I327_R_filt.fastq:83579 reads
SB041117TAWCSCB63D10BR1TR1I304_R_filt.fastq:103968 reads
SB050817TAWCSCB53D25BR2TR1I333_R_filt.fastq:162463 reads
SB071017TAWCSCB54D25BR2TR1I412_R_filt.fastq:117180 reads
SB050817TAWCSCB62D9BR1TR1I346_R_filt.fastq:171999 reads
SB060517TAWCSCB61D11BR1TR1I379_R_filt.fastq:551660 reads
SB041117TAWCSCB54D25BR2TR1I310_R_filt.fastq:87337 reads
SB071017TAWCSCB71D20BR1TR1I408_R_filt.fastq:412534 reads
SB050817TAWCSCB33CD24BR1TR1I325_R_filt.fastq:68316 reads
SB060517TAWCSCB53D25BR2TR1I367_R_filt.fastq:68252 reads
SB050817TAWCSCB33CD5BR1TR1I320_R_filt.fastq:230425 reads
SB050817TAWCSCB63D10BR1TR1I338_R_filt.fastq:497889 reads
SB041117TAWCSCB54D25BR1TR1I300_R_filt.fastq:91730 reads
SB041117TAWCSCB62D9BR1TR1I312_R_filt.fastq:147316 reads
SB041117TAWCSCB43CD27BR1TR1I294_R_filt.fastq:157280 reads
SB071017TAWCSCB72D20BR1TR1I409_R_filt.fastq:125029 reads
SB041117TAWCSCB33CD24BR1TR1I291_R_filt.fastq:94033 reads
SB060517TAWCSCB33CD5BR1TR1I354_R_filt.fastq:74259 reads
SB060517TAWCSCB31D13BR1TR1I357_R_filt.fastq:76299 reads
SB071017TAWCSCB43CD27BR1TR1I396_R_filt.fastq:110498 reads
SB041117TAWCSCB72D20BR1TR1I307_R_filt.fastq:65766 reads
SB041117TAWCSCB72D20BR1TR1I316_R_filt.fastq:174828 reads
SB071017TAWCSCB73D12BR1TR1I410_R_filt.fastq:115594 reads
SB071017TAWCSCB62D9BR1TR1I405_R_filt.fastq:185804 reads
SB060517TAWCSCB73D12BR1TR1I385_R_filt.fastq:30299 reads
SB071017TAWCSCB54D25BR1TR1I402_R_filt.fastq:103994 reads
93_PBS_Blank_Control_R_filt.fastq:129553 reads
SB041117TAWCSCB63D10BR2TR1I313_R_filt.fastq:338989 reads
SB060517TAWCSCB44D31BR1TR1I363_R_filt.fastq:115555 reads
SB060517TAWCSCB44D5BR1TR1I353_R_filt.fastq:165290 reads
SB050817TAWCSCB54D25BR1TR1I343_R_filt.fastq:160238 reads
SB060517TAWCSCB54D25BR1TR1I368_R_filt.fastq:83809 reads
SB041117TAWCSCB31D13BR1TR1I289_R_filt.fastq:176211 reads
SB071017TAWCSCB22D11BR2TR1I390_R_filt.fastq:212880 reads
SB050817TAWCSCB51D33BR1TR1I330_R_filt.fastq:301243 reads
SB050817TAWCSCB63D10BR2TR1I347_R_filt.fastq:66490 reads
92_Mix93_Control_R1_R_filt.fastq:244329 reads
SB060517TAWCSCB43CD27BR1TR1I362_R_filt.fastq:137838 reads
178A_WaterBathControlA_R_filt.fastq:65559 reads
null device 
          1 
